ARM GAS  C:\Users\JamesN4\AppData\Local\Temp\cckCtoNg.s 			page 1


   1              		.syntax unified
   2              		.cpu cortex-m0
   3              		.fpu softvfp
   4              		.eabi_attribute 20, 1
   5              		.eabi_attribute 21, 1
   6              		.eabi_attribute 23, 3
   7              		.eabi_attribute 24, 1
   8              		.eabi_attribute 25, 1
   9              		.eabi_attribute 26, 1
  10              		.eabi_attribute 30, 1
  11              		.eabi_attribute 34, 0
  12              		.eabi_attribute 18, 4
  13              		.thumb
  14              		.syntax unified
  15              		.file	"ADC_INT.c"
  16              		.text
  17              	.Ltext0:
  18              		.cfi_sections	.debug_frame
  19              		.section	.text.ADC_ISR,"ax",%progbits
  20              		.align	2
  21              		.global	ADC_ISR
  22              		.code	16
  23              		.thumb_func
  24              		.type	ADC_ISR, %function
  25              	ADC_ISR:
  26              	.LFB1:
  27              		.file 1 "Generated_Source\\PSoC4\\ADC_INT.c"
   1:Generated_Source\PSoC4/ADC_INT.c **** /*******************************************************************************
   2:Generated_Source\PSoC4/ADC_INT.c **** * File Name: ADC_INT.c
   3:Generated_Source\PSoC4/ADC_INT.c **** * Version 2.50
   4:Generated_Source\PSoC4/ADC_INT.c **** *
   5:Generated_Source\PSoC4/ADC_INT.c **** *  Description:
   6:Generated_Source\PSoC4/ADC_INT.c **** *    This file contains the code that operates during the ADC_SAR interrupt
   7:Generated_Source\PSoC4/ADC_INT.c **** *    service routine.
   8:Generated_Source\PSoC4/ADC_INT.c **** *
   9:Generated_Source\PSoC4/ADC_INT.c **** *   Note:
  10:Generated_Source\PSoC4/ADC_INT.c **** *
  11:Generated_Source\PSoC4/ADC_INT.c **** ********************************************************************************
  12:Generated_Source\PSoC4/ADC_INT.c **** * Copyright 2008-2017, Cypress Semiconductor Corporation.  All rights reserved.
  13:Generated_Source\PSoC4/ADC_INT.c **** * You may use this file only in accordance with the license, terms, conditions,
  14:Generated_Source\PSoC4/ADC_INT.c **** * disclaimers, and limitations in the end user license agreement accompanying
  15:Generated_Source\PSoC4/ADC_INT.c **** * the software package with which this file was provided.
  16:Generated_Source\PSoC4/ADC_INT.c **** *******************************************************************************/
  17:Generated_Source\PSoC4/ADC_INT.c **** 
  18:Generated_Source\PSoC4/ADC_INT.c **** #include "ADC.h"
  19:Generated_Source\PSoC4/ADC_INT.c **** #include "cyapicallbacks.h"
  20:Generated_Source\PSoC4/ADC_INT.c **** 
  21:Generated_Source\PSoC4/ADC_INT.c **** 
  22:Generated_Source\PSoC4/ADC_INT.c **** /******************************************************************************
  23:Generated_Source\PSoC4/ADC_INT.c **** * Custom Declarations and Variables
  24:Generated_Source\PSoC4/ADC_INT.c **** * - add user inlcude files, prototypes and variables between the following
  25:Generated_Source\PSoC4/ADC_INT.c **** *   #START and #END tags
  26:Generated_Source\PSoC4/ADC_INT.c **** ******************************************************************************/
  27:Generated_Source\PSoC4/ADC_INT.c **** /* `#START ADC_SYS_VAR`  */
  28:Generated_Source\PSoC4/ADC_INT.c **** 
  29:Generated_Source\PSoC4/ADC_INT.c **** /* `#END`  */
  30:Generated_Source\PSoC4/ADC_INT.c **** 
ARM GAS  C:\Users\JamesN4\AppData\Local\Temp\cckCtoNg.s 			page 2


  31:Generated_Source\PSoC4/ADC_INT.c **** #if(ADC_IRQ_REMOVE == 0u)
  32:Generated_Source\PSoC4/ADC_INT.c **** 
  33:Generated_Source\PSoC4/ADC_INT.c **** 
  34:Generated_Source\PSoC4/ADC_INT.c ****     /******************************************************************************
  35:Generated_Source\PSoC4/ADC_INT.c ****     * Function Name: ADC_ISR
  36:Generated_Source\PSoC4/ADC_INT.c ****     *******************************************************************************
  37:Generated_Source\PSoC4/ADC_INT.c ****     *
  38:Generated_Source\PSoC4/ADC_INT.c ****     * Summary:
  39:Generated_Source\PSoC4/ADC_INT.c ****     *  Handle Interrupt Service Routine.
  40:Generated_Source\PSoC4/ADC_INT.c ****     *
  41:Generated_Source\PSoC4/ADC_INT.c ****     * Parameters:
  42:Generated_Source\PSoC4/ADC_INT.c ****     *  None.
  43:Generated_Source\PSoC4/ADC_INT.c ****     *
  44:Generated_Source\PSoC4/ADC_INT.c ****     * Return:
  45:Generated_Source\PSoC4/ADC_INT.c ****     *  None.
  46:Generated_Source\PSoC4/ADC_INT.c ****     *
  47:Generated_Source\PSoC4/ADC_INT.c ****     * Reentrant:
  48:Generated_Source\PSoC4/ADC_INT.c ****     *  No.
  49:Generated_Source\PSoC4/ADC_INT.c ****     *
  50:Generated_Source\PSoC4/ADC_INT.c ****     ******************************************************************************/
  51:Generated_Source\PSoC4/ADC_INT.c ****     CY_ISR( ADC_ISR )
  52:Generated_Source\PSoC4/ADC_INT.c ****     {
  28              		.loc 1 52 0
  29              		.cfi_startproc
  30              		@ args = 0, pretend = 0, frame = 0
  31              		@ frame_needed = 0, uses_anonymous_args = 0
  32              		@ link register save eliminated.
  53:Generated_Source\PSoC4/ADC_INT.c ****         uint32 intr_status;
  54:Generated_Source\PSoC4/ADC_INT.c **** 
  55:Generated_Source\PSoC4/ADC_INT.c ****         /* Read interrupt status register */
  56:Generated_Source\PSoC4/ADC_INT.c ****         intr_status = ADC_SAR_INTR_REG;
  33              		.loc 1 56 0
  34 0000 014B     		ldr	r3, .L2
  35 0002 1A68     		ldr	r2, [r3]
  36              	.LVL0:
  57:Generated_Source\PSoC4/ADC_INT.c **** 
  58:Generated_Source\PSoC4/ADC_INT.c ****         #ifdef ADC_ISR_INTERRUPT_CALLBACK
  59:Generated_Source\PSoC4/ADC_INT.c ****             ADC_ISR_InterruptCallback();
  60:Generated_Source\PSoC4/ADC_INT.c ****         #endif /* ADC_ISR_INTERRUPT_CALLBACK */
  61:Generated_Source\PSoC4/ADC_INT.c **** 
  62:Generated_Source\PSoC4/ADC_INT.c **** 
  63:Generated_Source\PSoC4/ADC_INT.c ****         /************************************************************************
  64:Generated_Source\PSoC4/ADC_INT.c ****         *  Custom Code
  65:Generated_Source\PSoC4/ADC_INT.c ****         *  - add user ISR code between the following #START and #END tags
  66:Generated_Source\PSoC4/ADC_INT.c ****         *************************************************************************/
  67:Generated_Source\PSoC4/ADC_INT.c ****         /* `#START MAIN_ADC_ISR`  */
  68:Generated_Source\PSoC4/ADC_INT.c **** 
  69:Generated_Source\PSoC4/ADC_INT.c ****         /* `#END`  */
  70:Generated_Source\PSoC4/ADC_INT.c ****         
  71:Generated_Source\PSoC4/ADC_INT.c ****         /* Clear handled interrupt */
  72:Generated_Source\PSoC4/ADC_INT.c ****         ADC_SAR_INTR_REG = intr_status;
  37              		.loc 1 72 0
  38 0004 1A60     		str	r2, [r3]
  73:Generated_Source\PSoC4/ADC_INT.c ****     }
  39              		.loc 1 73 0
  40              		@ sp needed
  41 0006 7047     		bx	lr
ARM GAS  C:\Users\JamesN4\AppData\Local\Temp\cckCtoNg.s 			page 3


  42              	.L3:
  43              		.align	2
  44              	.L2:
  45 0008 10023A40 		.word	1077543440
  46              		.cfi_endproc
  47              	.LFE1:
  48              		.size	ADC_ISR, .-ADC_ISR
  49              		.text
  50              	.Letext0:
  51              		.file 2 "Generated_Source\\PSoC4\\cytypes.h"
  52              		.section	.debug_info,"",%progbits
  53              	.Ldebug_info0:
  54 0000 C7000000 		.4byte	0xc7
  55 0004 0400     		.2byte	0x4
  56 0006 00000000 		.4byte	.Ldebug_abbrev0
  57 000a 04       		.byte	0x4
  58 000b 01       		.uleb128 0x1
  59 000c 0B010000 		.4byte	.LASF16
  60 0010 0C       		.byte	0xc
  61 0011 C1000000 		.4byte	.LASF17
  62 0015 53000000 		.4byte	.LASF18
  63 0019 00000000 		.4byte	.Ldebug_ranges0+0
  64 001d 00000000 		.4byte	0
  65 0021 00000000 		.4byte	.Ldebug_line0
  66 0025 02       		.uleb128 0x2
  67 0026 01       		.byte	0x1
  68 0027 06       		.byte	0x6
  69 0028 AC010000 		.4byte	.LASF0
  70 002c 02       		.uleb128 0x2
  71 002d 01       		.byte	0x1
  72 002e 08       		.byte	0x8
  73 002f E2000000 		.4byte	.LASF1
  74 0033 02       		.uleb128 0x2
  75 0034 02       		.byte	0x2
  76 0035 05       		.byte	0x5
  77 0036 C4010000 		.4byte	.LASF2
  78 003a 02       		.uleb128 0x2
  79 003b 02       		.byte	0x2
  80 003c 07       		.byte	0x7
  81 003d 99010000 		.4byte	.LASF3
  82 0041 02       		.uleb128 0x2
  83 0042 04       		.byte	0x4
  84 0043 05       		.byte	0x5
  85 0044 F5000000 		.4byte	.LASF4
  86 0048 02       		.uleb128 0x2
  87 0049 04       		.byte	0x4
  88 004a 07       		.byte	0x7
  89 004b 2A000000 		.4byte	.LASF5
  90 004f 02       		.uleb128 0x2
  91 0050 08       		.byte	0x8
  92 0051 05       		.byte	0x5
  93 0052 00000000 		.4byte	.LASF6
  94 0056 02       		.uleb128 0x2
  95 0057 08       		.byte	0x8
  96 0058 07       		.byte	0x7
  97 0059 3C000000 		.4byte	.LASF7
  98 005d 03       		.uleb128 0x3
ARM GAS  C:\Users\JamesN4\AppData\Local\Temp\cckCtoNg.s 			page 4


  99 005e 04       		.byte	0x4
 100 005f 05       		.byte	0x5
 101 0060 696E7400 		.ascii	"int\000"
 102 0064 02       		.uleb128 0x2
 103 0065 04       		.byte	0x4
 104 0066 07       		.byte	0x7
 105 0067 15000000 		.4byte	.LASF8
 106 006b 04       		.uleb128 0x4
 107 006c 0E000000 		.4byte	.LASF12
 108 0070 02       		.byte	0x2
 109 0071 D401     		.2byte	0x1d4
 110 0073 48000000 		.4byte	0x48
 111 0077 02       		.uleb128 0x2
 112 0078 04       		.byte	0x4
 113 0079 04       		.byte	0x4
 114 007a AF000000 		.4byte	.LASF9
 115 007e 02       		.uleb128 0x2
 116 007f 08       		.byte	0x8
 117 0080 04       		.byte	0x4
 118 0081 FE000000 		.4byte	.LASF10
 119 0085 02       		.uleb128 0x2
 120 0086 01       		.byte	0x1
 121 0087 08       		.byte	0x8
 122 0088 F0000000 		.4byte	.LASF11
 123 008c 04       		.uleb128 0x4
 124 008d 05010000 		.4byte	.LASF13
 125 0091 02       		.byte	0x2
 126 0092 7E02     		.2byte	0x27e
 127 0094 98000000 		.4byte	0x98
 128 0098 05       		.uleb128 0x5
 129 0099 6B000000 		.4byte	0x6b
 130 009d 02       		.uleb128 0x2
 131 009e 08       		.byte	0x8
 132 009f 04       		.byte	0x4
 133 00a0 B8010000 		.4byte	.LASF14
 134 00a4 02       		.uleb128 0x2
 135 00a5 04       		.byte	0x4
 136 00a6 07       		.byte	0x7
 137 00a7 CE010000 		.4byte	.LASF15
 138 00ab 06       		.uleb128 0x6
 139 00ac 22000000 		.4byte	.LASF19
 140 00b0 01       		.byte	0x1
 141 00b1 33       		.byte	0x33
 142 00b2 00000000 		.4byte	.LFB1
 143 00b6 0C000000 		.4byte	.LFE1-.LFB1
 144 00ba 01       		.uleb128 0x1
 145 00bb 9C       		.byte	0x9c
 146 00bc 07       		.uleb128 0x7
 147 00bd B5000000 		.4byte	.LASF20
 148 00c1 01       		.byte	0x1
 149 00c2 35       		.byte	0x35
 150 00c3 6B000000 		.4byte	0x6b
 151 00c7 01       		.uleb128 0x1
 152 00c8 52       		.byte	0x52
 153 00c9 00       		.byte	0
 154 00ca 00       		.byte	0
 155              		.section	.debug_abbrev,"",%progbits
ARM GAS  C:\Users\JamesN4\AppData\Local\Temp\cckCtoNg.s 			page 5


 156              	.Ldebug_abbrev0:
 157 0000 01       		.uleb128 0x1
 158 0001 11       		.uleb128 0x11
 159 0002 01       		.byte	0x1
 160 0003 25       		.uleb128 0x25
 161 0004 0E       		.uleb128 0xe
 162 0005 13       		.uleb128 0x13
 163 0006 0B       		.uleb128 0xb
 164 0007 03       		.uleb128 0x3
 165 0008 0E       		.uleb128 0xe
 166 0009 1B       		.uleb128 0x1b
 167 000a 0E       		.uleb128 0xe
 168 000b 55       		.uleb128 0x55
 169 000c 17       		.uleb128 0x17
 170 000d 11       		.uleb128 0x11
 171 000e 01       		.uleb128 0x1
 172 000f 10       		.uleb128 0x10
 173 0010 17       		.uleb128 0x17
 174 0011 00       		.byte	0
 175 0012 00       		.byte	0
 176 0013 02       		.uleb128 0x2
 177 0014 24       		.uleb128 0x24
 178 0015 00       		.byte	0
 179 0016 0B       		.uleb128 0xb
 180 0017 0B       		.uleb128 0xb
 181 0018 3E       		.uleb128 0x3e
 182 0019 0B       		.uleb128 0xb
 183 001a 03       		.uleb128 0x3
 184 001b 0E       		.uleb128 0xe
 185 001c 00       		.byte	0
 186 001d 00       		.byte	0
 187 001e 03       		.uleb128 0x3
 188 001f 24       		.uleb128 0x24
 189 0020 00       		.byte	0
 190 0021 0B       		.uleb128 0xb
 191 0022 0B       		.uleb128 0xb
 192 0023 3E       		.uleb128 0x3e
 193 0024 0B       		.uleb128 0xb
 194 0025 03       		.uleb128 0x3
 195 0026 08       		.uleb128 0x8
 196 0027 00       		.byte	0
 197 0028 00       		.byte	0
 198 0029 04       		.uleb128 0x4
 199 002a 16       		.uleb128 0x16
 200 002b 00       		.byte	0
 201 002c 03       		.uleb128 0x3
 202 002d 0E       		.uleb128 0xe
 203 002e 3A       		.uleb128 0x3a
 204 002f 0B       		.uleb128 0xb
 205 0030 3B       		.uleb128 0x3b
 206 0031 05       		.uleb128 0x5
 207 0032 49       		.uleb128 0x49
 208 0033 13       		.uleb128 0x13
 209 0034 00       		.byte	0
 210 0035 00       		.byte	0
 211 0036 05       		.uleb128 0x5
 212 0037 35       		.uleb128 0x35
ARM GAS  C:\Users\JamesN4\AppData\Local\Temp\cckCtoNg.s 			page 6


 213 0038 00       		.byte	0
 214 0039 49       		.uleb128 0x49
 215 003a 13       		.uleb128 0x13
 216 003b 00       		.byte	0
 217 003c 00       		.byte	0
 218 003d 06       		.uleb128 0x6
 219 003e 2E       		.uleb128 0x2e
 220 003f 01       		.byte	0x1
 221 0040 3F       		.uleb128 0x3f
 222 0041 19       		.uleb128 0x19
 223 0042 03       		.uleb128 0x3
 224 0043 0E       		.uleb128 0xe
 225 0044 3A       		.uleb128 0x3a
 226 0045 0B       		.uleb128 0xb
 227 0046 3B       		.uleb128 0x3b
 228 0047 0B       		.uleb128 0xb
 229 0048 27       		.uleb128 0x27
 230 0049 19       		.uleb128 0x19
 231 004a 11       		.uleb128 0x11
 232 004b 01       		.uleb128 0x1
 233 004c 12       		.uleb128 0x12
 234 004d 06       		.uleb128 0x6
 235 004e 40       		.uleb128 0x40
 236 004f 18       		.uleb128 0x18
 237 0050 9742     		.uleb128 0x2117
 238 0052 19       		.uleb128 0x19
 239 0053 00       		.byte	0
 240 0054 00       		.byte	0
 241 0055 07       		.uleb128 0x7
 242 0056 34       		.uleb128 0x34
 243 0057 00       		.byte	0
 244 0058 03       		.uleb128 0x3
 245 0059 0E       		.uleb128 0xe
 246 005a 3A       		.uleb128 0x3a
 247 005b 0B       		.uleb128 0xb
 248 005c 3B       		.uleb128 0x3b
 249 005d 0B       		.uleb128 0xb
 250 005e 49       		.uleb128 0x49
 251 005f 13       		.uleb128 0x13
 252 0060 02       		.uleb128 0x2
 253 0061 18       		.uleb128 0x18
 254 0062 00       		.byte	0
 255 0063 00       		.byte	0
 256 0064 00       		.byte	0
 257              		.section	.debug_aranges,"",%progbits
 258 0000 1C000000 		.4byte	0x1c
 259 0004 0200     		.2byte	0x2
 260 0006 00000000 		.4byte	.Ldebug_info0
 261 000a 04       		.byte	0x4
 262 000b 00       		.byte	0
 263 000c 0000     		.2byte	0
 264 000e 0000     		.2byte	0
 265 0010 00000000 		.4byte	.LFB1
 266 0014 0C000000 		.4byte	.LFE1-.LFB1
 267 0018 00000000 		.4byte	0
 268 001c 00000000 		.4byte	0
 269              		.section	.debug_ranges,"",%progbits
ARM GAS  C:\Users\JamesN4\AppData\Local\Temp\cckCtoNg.s 			page 7


 270              	.Ldebug_ranges0:
 271 0000 00000000 		.4byte	.LFB1
 272 0004 0C000000 		.4byte	.LFE1
 273 0008 00000000 		.4byte	0
 274 000c 00000000 		.4byte	0
 275              		.section	.debug_line,"",%progbits
 276              	.Ldebug_line0:
 277 0000 5E000000 		.section	.debug_str,"MS",%progbits,1
 277      02004400 
 277      00000201 
 277      FB0E0D00 
 277      01010101 
 278              	.LASF6:
 279 0000 6C6F6E67 		.ascii	"long long int\000"
 279      206C6F6E 
 279      6720696E 
 279      7400
 280              	.LASF12:
 281 000e 75696E74 		.ascii	"uint32\000"
 281      333200
 282              	.LASF8:
 283 0015 756E7369 		.ascii	"unsigned int\000"
 283      676E6564 
 283      20696E74 
 283      00
 284              	.LASF19:
 285 0022 4144435F 		.ascii	"ADC_ISR\000"
 285      49535200 
 286              	.LASF5:
 287 002a 6C6F6E67 		.ascii	"long unsigned int\000"
 287      20756E73 
 287      69676E65 
 287      6420696E 
 287      7400
 288              	.LASF7:
 289 003c 6C6F6E67 		.ascii	"long long unsigned int\000"
 289      206C6F6E 
 289      6720756E 
 289      7369676E 
 289      65642069 
 290              	.LASF18:
 291 0053 433A5C55 		.ascii	"C:\\Users\\JamesN4\\Documents\\PSoC Creator\\Hybrid"
 291      73657273 
 291      5C4A616D 
 291      65734E34 
 291      5C446F63 
 292 0081 456E636F 		.ascii	"EncoderCY8CKIT43\\firmware\\HybridEncoder.cydsn\000"
 292      64657243 
 292      5938434B 
 292      49543433 
 292      5C666972 
 293              	.LASF9:
 294 00af 666C6F61 		.ascii	"float\000"
 294      7400
 295              	.LASF20:
 296 00b5 696E7472 		.ascii	"intr_status\000"
 296      5F737461 
ARM GAS  C:\Users\JamesN4\AppData\Local\Temp\cckCtoNg.s 			page 8


 296      74757300 
 297              	.LASF17:
 298 00c1 47656E65 		.ascii	"Generated_Source\\PSoC4\\ADC_INT.c\000"
 298      72617465 
 298      645F536F 
 298      75726365 
 298      5C50536F 
 299              	.LASF1:
 300 00e2 756E7369 		.ascii	"unsigned char\000"
 300      676E6564 
 300      20636861 
 300      7200
 301              	.LASF11:
 302 00f0 63686172 		.ascii	"char\000"
 302      00
 303              	.LASF4:
 304 00f5 6C6F6E67 		.ascii	"long int\000"
 304      20696E74 
 304      00
 305              	.LASF10:
 306 00fe 646F7562 		.ascii	"double\000"
 306      6C6500
 307              	.LASF13:
 308 0105 72656733 		.ascii	"reg32\000"
 308      3200
 309              	.LASF16:
 310 010b 474E5520 		.ascii	"GNU C11 5.4.1 20160609 (release) [ARM/embedded-5-br"
 310      43313120 
 310      352E342E 
 310      31203230 
 310      31363036 
 311 013e 616E6368 		.ascii	"anch revision 237715] -mcpu=cortex-m0 -mthumb -g -O"
 311      20726576 
 311      6973696F 
 311      6E203233 
 311      37373135 
 312 0171 67202D66 		.ascii	"g -ffunction-sections -ffat-lto-objects\000"
 312      66756E63 
 312      74696F6E 
 312      2D736563 
 312      74696F6E 
 313              	.LASF3:
 314 0199 73686F72 		.ascii	"short unsigned int\000"
 314      7420756E 
 314      7369676E 
 314      65642069 
 314      6E7400
 315              	.LASF0:
 316 01ac 7369676E 		.ascii	"signed char\000"
 316      65642063 
 316      68617200 
 317              	.LASF14:
 318 01b8 6C6F6E67 		.ascii	"long double\000"
 318      20646F75 
 318      626C6500 
 319              	.LASF2:
 320 01c4 73686F72 		.ascii	"short int\000"
ARM GAS  C:\Users\JamesN4\AppData\Local\Temp\cckCtoNg.s 			page 9


 320      7420696E 
 320      7400
 321              	.LASF15:
 322 01ce 73697A65 		.ascii	"sizetype\000"
 322      74797065 
 322      00
 323              		.ident	"GCC: (GNU Tools for ARM Embedded Processors) 5.4.1 20160609 (release) [ARM/embedded-5-bran
