ARM GAS  C:\Users\JamesN4\AppData\Local\Temp\cchIfgqY.s 			page 1


   1              		.syntax unified
   2              		.cpu cortex-m0
   3              		.fpu softvfp
   4              		.eabi_attribute 20, 1
   5              		.eabi_attribute 21, 1
   6              		.eabi_attribute 23, 3
   7              		.eabi_attribute 24, 1
   8              		.eabi_attribute 25, 1
   9              		.eabi_attribute 26, 1
  10              		.eabi_attribute 30, 1
  11              		.eabi_attribute 34, 0
  12              		.eabi_attribute 18, 4
  13              		.thumb
  14              		.syntax unified
  15              		.file	"I2C_I2C.c"
  16              		.text
  17              	.Ltext0:
  18              		.cfi_sections	.debug_frame
  19              		.section	.text.I2C_I2CInit,"ax",%progbits
  20              		.align	2
  21              		.global	I2C_I2CInit
  22              		.code	16
  23              		.thumb_func
  24              		.type	I2C_I2CInit, %function
  25              	I2C_I2CInit:
  26              	.LFB1:
  27              		.file 1 "Generated_Source\\PSoC4\\I2C_I2C.c"
   1:Generated_Source\PSoC4/I2C_I2C.c **** /***************************************************************************//**
   2:Generated_Source\PSoC4/I2C_I2C.c **** * \file I2C_I2C.c
   3:Generated_Source\PSoC4/I2C_I2C.c **** * \version 3.20
   4:Generated_Source\PSoC4/I2C_I2C.c **** *
   5:Generated_Source\PSoC4/I2C_I2C.c **** * \brief
   6:Generated_Source\PSoC4/I2C_I2C.c **** *  This file provides the source code to the API for the SCB Component in
   7:Generated_Source\PSoC4/I2C_I2C.c **** *  I2C mode.
   8:Generated_Source\PSoC4/I2C_I2C.c **** *
   9:Generated_Source\PSoC4/I2C_I2C.c **** * Note:
  10:Generated_Source\PSoC4/I2C_I2C.c **** *
  11:Generated_Source\PSoC4/I2C_I2C.c **** *******************************************************************************
  12:Generated_Source\PSoC4/I2C_I2C.c **** * \copyright
  13:Generated_Source\PSoC4/I2C_I2C.c **** * Copyright 2013-2016, Cypress Semiconductor Corporation.  All rights reserved.
  14:Generated_Source\PSoC4/I2C_I2C.c **** * You may use this file only in accordance with the license, terms, conditions,
  15:Generated_Source\PSoC4/I2C_I2C.c **** * disclaimers, and limitations in the end user license agreement accompanying
  16:Generated_Source\PSoC4/I2C_I2C.c **** * the software package with which this file was provided.
  17:Generated_Source\PSoC4/I2C_I2C.c **** *******************************************************************************/
  18:Generated_Source\PSoC4/I2C_I2C.c **** 
  19:Generated_Source\PSoC4/I2C_I2C.c **** #include "I2C_PVT.h"
  20:Generated_Source\PSoC4/I2C_I2C.c **** #include "I2C_I2C_PVT.h"
  21:Generated_Source\PSoC4/I2C_I2C.c **** 
  22:Generated_Source\PSoC4/I2C_I2C.c **** 
  23:Generated_Source\PSoC4/I2C_I2C.c **** /***************************************
  24:Generated_Source\PSoC4/I2C_I2C.c **** *      I2C Private Vars
  25:Generated_Source\PSoC4/I2C_I2C.c **** ***************************************/
  26:Generated_Source\PSoC4/I2C_I2C.c **** 
  27:Generated_Source\PSoC4/I2C_I2C.c **** volatile uint8 I2C_state;  /* Current state of I2C FSM */
  28:Generated_Source\PSoC4/I2C_I2C.c **** 
  29:Generated_Source\PSoC4/I2C_I2C.c **** #if(I2C_SCB_MODE_UNCONFIG_CONST_CFG)
  30:Generated_Source\PSoC4/I2C_I2C.c **** 
ARM GAS  C:\Users\JamesN4\AppData\Local\Temp\cchIfgqY.s 			page 2


  31:Generated_Source\PSoC4/I2C_I2C.c ****     /***************************************
  32:Generated_Source\PSoC4/I2C_I2C.c ****     *  Configuration Structure Initialization
  33:Generated_Source\PSoC4/I2C_I2C.c ****     ***************************************/
  34:Generated_Source\PSoC4/I2C_I2C.c **** 
  35:Generated_Source\PSoC4/I2C_I2C.c ****     /* Constant configuration of I2C */
  36:Generated_Source\PSoC4/I2C_I2C.c ****     const I2C_I2C_INIT_STRUCT I2C_configI2C =
  37:Generated_Source\PSoC4/I2C_I2C.c ****     {
  38:Generated_Source\PSoC4/I2C_I2C.c ****         I2C_I2C_MODE,
  39:Generated_Source\PSoC4/I2C_I2C.c ****         I2C_I2C_OVS_FACTOR_LOW,
  40:Generated_Source\PSoC4/I2C_I2C.c ****         I2C_I2C_OVS_FACTOR_HIGH,
  41:Generated_Source\PSoC4/I2C_I2C.c ****         I2C_I2C_MEDIAN_FILTER_ENABLE,
  42:Generated_Source\PSoC4/I2C_I2C.c ****         I2C_I2C_SLAVE_ADDRESS,
  43:Generated_Source\PSoC4/I2C_I2C.c ****         I2C_I2C_SLAVE_ADDRESS_MASK,
  44:Generated_Source\PSoC4/I2C_I2C.c ****         I2C_I2C_ACCEPT_ADDRESS,
  45:Generated_Source\PSoC4/I2C_I2C.c ****         I2C_I2C_WAKE_ENABLE,
  46:Generated_Source\PSoC4/I2C_I2C.c ****         I2C_I2C_BYTE_MODE_ENABLE,
  47:Generated_Source\PSoC4/I2C_I2C.c ****         I2C_I2C_DATA_RATE,
  48:Generated_Source\PSoC4/I2C_I2C.c ****         I2C_I2C_ACCEPT_GENERAL_CALL,
  49:Generated_Source\PSoC4/I2C_I2C.c ****     };
  50:Generated_Source\PSoC4/I2C_I2C.c **** 
  51:Generated_Source\PSoC4/I2C_I2C.c ****     /*******************************************************************************
  52:Generated_Source\PSoC4/I2C_I2C.c ****     * Function Name: I2C_I2CInit
  53:Generated_Source\PSoC4/I2C_I2C.c ****     ****************************************************************************//**
  54:Generated_Source\PSoC4/I2C_I2C.c ****     *
  55:Generated_Source\PSoC4/I2C_I2C.c ****     *
  56:Generated_Source\PSoC4/I2C_I2C.c ****     *  Configures the I2C for I2C operation.
  57:Generated_Source\PSoC4/I2C_I2C.c ****     *
  58:Generated_Source\PSoC4/I2C_I2C.c ****     *  This function is intended specifically to be used when the I2C 
  59:Generated_Source\PSoC4/I2C_I2C.c ****     *  configuration is set to “Unconfigured I2C” in the customizer. 
  60:Generated_Source\PSoC4/I2C_I2C.c ****     *  After initializing the I2C in I2C mode using this function, 
  61:Generated_Source\PSoC4/I2C_I2C.c ****     *  the component can be enabled using the I2C_Start() or 
  62:Generated_Source\PSoC4/I2C_I2C.c ****     * I2C_Enable() function.
  63:Generated_Source\PSoC4/I2C_I2C.c ****     *  This function uses a pointer to a structure that provides the configuration 
  64:Generated_Source\PSoC4/I2C_I2C.c ****     *  settings. This structure contains the same information that would otherwise 
  65:Generated_Source\PSoC4/I2C_I2C.c ****     *  be provided by the customizer settings.
  66:Generated_Source\PSoC4/I2C_I2C.c ****     *
  67:Generated_Source\PSoC4/I2C_I2C.c ****     *  \param config: pointer to a structure that contains the following list of 
  68:Generated_Source\PSoC4/I2C_I2C.c ****     *   fields. These fields match the selections available in the customizer. 
  69:Generated_Source\PSoC4/I2C_I2C.c ****     *   Refer to the customizer for further description of the settings.
  70:Generated_Source\PSoC4/I2C_I2C.c ****     *
  71:Generated_Source\PSoC4/I2C_I2C.c ****     *******************************************************************************/
  72:Generated_Source\PSoC4/I2C_I2C.c ****     void I2C_I2CInit(const I2C_I2C_INIT_STRUCT *config)
  73:Generated_Source\PSoC4/I2C_I2C.c ****     {
  74:Generated_Source\PSoC4/I2C_I2C.c ****         uint32 medianFilter;
  75:Generated_Source\PSoC4/I2C_I2C.c ****         uint32 locEnableWake;
  76:Generated_Source\PSoC4/I2C_I2C.c **** 
  77:Generated_Source\PSoC4/I2C_I2C.c ****         if(NULL == config)
  78:Generated_Source\PSoC4/I2C_I2C.c ****         {
  79:Generated_Source\PSoC4/I2C_I2C.c ****             CYASSERT(0u != 0u); /* Halt execution due to bad function parameter */
  80:Generated_Source\PSoC4/I2C_I2C.c ****         }
  81:Generated_Source\PSoC4/I2C_I2C.c ****         else
  82:Generated_Source\PSoC4/I2C_I2C.c ****         {
  83:Generated_Source\PSoC4/I2C_I2C.c ****             /* Configure pins */
  84:Generated_Source\PSoC4/I2C_I2C.c ****             I2C_SetPins(I2C_SCB_MODE_I2C, I2C_DUMMY_PARAM,
  85:Generated_Source\PSoC4/I2C_I2C.c ****                                      I2C_DUMMY_PARAM);
  86:Generated_Source\PSoC4/I2C_I2C.c **** 
  87:Generated_Source\PSoC4/I2C_I2C.c ****             /* Store internal configuration */
ARM GAS  C:\Users\JamesN4\AppData\Local\Temp\cchIfgqY.s 			page 3


  88:Generated_Source\PSoC4/I2C_I2C.c ****             I2C_scbMode       = (uint8) I2C_SCB_MODE_I2C;
  89:Generated_Source\PSoC4/I2C_I2C.c ****             I2C_scbEnableWake = (uint8) config->enableWake;
  90:Generated_Source\PSoC4/I2C_I2C.c ****             I2C_scbEnableIntr = (uint8) I2C_SCB_IRQ_INTERNAL;
  91:Generated_Source\PSoC4/I2C_I2C.c **** 
  92:Generated_Source\PSoC4/I2C_I2C.c ****             I2C_mode          = (uint8) config->mode;
  93:Generated_Source\PSoC4/I2C_I2C.c ****             I2C_acceptAddr    = (uint8) config->acceptAddr;
  94:Generated_Source\PSoC4/I2C_I2C.c **** 
  95:Generated_Source\PSoC4/I2C_I2C.c ****         #if (I2C_CY_SCBIP_V0)
  96:Generated_Source\PSoC4/I2C_I2C.c ****             /* Adjust SDA filter settings. Ticket ID#150521 */
  97:Generated_Source\PSoC4/I2C_I2C.c ****             I2C_SET_I2C_CFG_SDA_FILT_TRIM(I2C_EC_AM_I2C_CFG_SDA_FILT_TRIM);
  98:Generated_Source\PSoC4/I2C_I2C.c ****         #endif /* (I2C_CY_SCBIP_V0) */
  99:Generated_Source\PSoC4/I2C_I2C.c **** 
 100:Generated_Source\PSoC4/I2C_I2C.c ****             /* Adjust AF and DF filter settings. Ticket ID#176179 */
 101:Generated_Source\PSoC4/I2C_I2C.c ****             if (((I2C_I2C_MODE_SLAVE != config->mode) &&
 102:Generated_Source\PSoC4/I2C_I2C.c ****                  (config->dataRate <= I2C_I2C_DATA_RATE_FS_MODE_MAX)) ||
 103:Generated_Source\PSoC4/I2C_I2C.c ****                  (I2C_I2C_MODE_SLAVE == config->mode))
 104:Generated_Source\PSoC4/I2C_I2C.c ****             {
 105:Generated_Source\PSoC4/I2C_I2C.c ****                 /* AF = 1, DF = 0 */
 106:Generated_Source\PSoC4/I2C_I2C.c ****                 I2C_I2C_CFG_ANALOG_FITER_ENABLE;
 107:Generated_Source\PSoC4/I2C_I2C.c ****                 medianFilter = I2C_DIGITAL_FILTER_DISABLE;
 108:Generated_Source\PSoC4/I2C_I2C.c ****             }
 109:Generated_Source\PSoC4/I2C_I2C.c ****             else
 110:Generated_Source\PSoC4/I2C_I2C.c ****             {
 111:Generated_Source\PSoC4/I2C_I2C.c ****                 /* AF = 0, DF = 1 */
 112:Generated_Source\PSoC4/I2C_I2C.c ****                 I2C_I2C_CFG_ANALOG_FITER_DISABLE;
 113:Generated_Source\PSoC4/I2C_I2C.c ****                 medianFilter = I2C_DIGITAL_FILTER_ENABLE;
 114:Generated_Source\PSoC4/I2C_I2C.c ****             }
 115:Generated_Source\PSoC4/I2C_I2C.c **** 
 116:Generated_Source\PSoC4/I2C_I2C.c ****         #if (!I2C_CY_SCBIP_V0)
 117:Generated_Source\PSoC4/I2C_I2C.c ****             locEnableWake = (I2C_I2C_MULTI_MASTER_SLAVE) ? (0u) : (config->enableWake);
 118:Generated_Source\PSoC4/I2C_I2C.c ****         #else
 119:Generated_Source\PSoC4/I2C_I2C.c ****             locEnableWake = config->enableWake;
 120:Generated_Source\PSoC4/I2C_I2C.c ****         #endif /* (!I2C_CY_SCBIP_V0) */
 121:Generated_Source\PSoC4/I2C_I2C.c **** 
 122:Generated_Source\PSoC4/I2C_I2C.c ****             /* Configure I2C interface */
 123:Generated_Source\PSoC4/I2C_I2C.c ****             I2C_CTRL_REG     = I2C_GET_CTRL_BYTE_MODE  (config->enableByteMode) |
 124:Generated_Source\PSoC4/I2C_I2C.c ****                                             I2C_GET_CTRL_ADDR_ACCEPT(config->acceptAddr)     |
 125:Generated_Source\PSoC4/I2C_I2C.c ****                                             I2C_GET_CTRL_EC_AM_MODE (locEnableWake);
 126:Generated_Source\PSoC4/I2C_I2C.c **** 
 127:Generated_Source\PSoC4/I2C_I2C.c ****             I2C_I2C_CTRL_REG = I2C_GET_I2C_CTRL_HIGH_PHASE_OVS(config->oversampleHigh) |
 128:Generated_Source\PSoC4/I2C_I2C.c ****                     I2C_GET_I2C_CTRL_LOW_PHASE_OVS (config->oversampleLow)                         
 129:Generated_Source\PSoC4/I2C_I2C.c ****                     I2C_GET_I2C_CTRL_S_GENERAL_IGNORE((uint32)(0u == config->acceptGeneralAddr))   
 130:Generated_Source\PSoC4/I2C_I2C.c ****                     I2C_GET_I2C_CTRL_SL_MSTR_MODE  (config->mode);
 131:Generated_Source\PSoC4/I2C_I2C.c **** 
 132:Generated_Source\PSoC4/I2C_I2C.c ****             /* Configure RX direction */
 133:Generated_Source\PSoC4/I2C_I2C.c ****             I2C_RX_CTRL_REG      = I2C_GET_RX_CTRL_MEDIAN(medianFilter) |
 134:Generated_Source\PSoC4/I2C_I2C.c ****                                                 I2C_I2C_RX_CTRL;
 135:Generated_Source\PSoC4/I2C_I2C.c ****             I2C_RX_FIFO_CTRL_REG = I2C_CLEAR_REG;
 136:Generated_Source\PSoC4/I2C_I2C.c **** 
 137:Generated_Source\PSoC4/I2C_I2C.c ****             /* Set default address and mask */
 138:Generated_Source\PSoC4/I2C_I2C.c ****             I2C_RX_MATCH_REG    = ((I2C_I2C_SLAVE) ?
 139:Generated_Source\PSoC4/I2C_I2C.c ****                                                 (I2C_GET_I2C_8BIT_ADDRESS(config->slaveAddr) |
 140:Generated_Source\PSoC4/I2C_I2C.c ****                                                  I2C_GET_RX_MATCH_MASK(config->slaveAddrMask)) :
 141:Generated_Source\PSoC4/I2C_I2C.c ****                                                 (I2C_CLEAR_REG));
 142:Generated_Source\PSoC4/I2C_I2C.c **** 
 143:Generated_Source\PSoC4/I2C_I2C.c **** 
 144:Generated_Source\PSoC4/I2C_I2C.c ****             /* Configure TX direction */
ARM GAS  C:\Users\JamesN4\AppData\Local\Temp\cchIfgqY.s 			page 4


 145:Generated_Source\PSoC4/I2C_I2C.c ****             I2C_TX_CTRL_REG      = I2C_I2C_TX_CTRL;
 146:Generated_Source\PSoC4/I2C_I2C.c ****             I2C_TX_FIFO_CTRL_REG = I2C_CLEAR_REG;
 147:Generated_Source\PSoC4/I2C_I2C.c **** 
 148:Generated_Source\PSoC4/I2C_I2C.c ****             /* Configure interrupt with I2C handler but do not enable it */
 149:Generated_Source\PSoC4/I2C_I2C.c ****             CyIntDisable    (I2C_ISR_NUMBER);
 150:Generated_Source\PSoC4/I2C_I2C.c ****             CyIntSetPriority(I2C_ISR_NUMBER, I2C_ISR_PRIORITY);
 151:Generated_Source\PSoC4/I2C_I2C.c ****             (void) CyIntSetVector(I2C_ISR_NUMBER, &I2C_I2C_ISR);
 152:Generated_Source\PSoC4/I2C_I2C.c **** 
 153:Generated_Source\PSoC4/I2C_I2C.c ****             /* Configure interrupt sources */
 154:Generated_Source\PSoC4/I2C_I2C.c ****         #if(!I2C_CY_SCBIP_V1)
 155:Generated_Source\PSoC4/I2C_I2C.c ****             I2C_INTR_SPI_EC_MASK_REG = I2C_NO_INTR_SOURCES;
 156:Generated_Source\PSoC4/I2C_I2C.c ****         #endif /* (!I2C_CY_SCBIP_V1) */
 157:Generated_Source\PSoC4/I2C_I2C.c **** 
 158:Generated_Source\PSoC4/I2C_I2C.c ****             I2C_INTR_I2C_EC_MASK_REG = I2C_NO_INTR_SOURCES;
 159:Generated_Source\PSoC4/I2C_I2C.c ****             I2C_INTR_RX_MASK_REG     = I2C_NO_INTR_SOURCES;
 160:Generated_Source\PSoC4/I2C_I2C.c ****             I2C_INTR_TX_MASK_REG     = I2C_NO_INTR_SOURCES;
 161:Generated_Source\PSoC4/I2C_I2C.c **** 
 162:Generated_Source\PSoC4/I2C_I2C.c ****             I2C_INTR_SLAVE_MASK_REG  = ((I2C_I2C_SLAVE) ?
 163:Generated_Source\PSoC4/I2C_I2C.c ****                             (I2C_GET_INTR_SLAVE_I2C_GENERAL(config->acceptGeneralAddr) |
 164:Generated_Source\PSoC4/I2C_I2C.c ****                              I2C_I2C_INTR_SLAVE_MASK) : (I2C_CLEAR_REG));
 165:Generated_Source\PSoC4/I2C_I2C.c **** 
 166:Generated_Source\PSoC4/I2C_I2C.c ****             I2C_INTR_MASTER_MASK_REG = ((I2C_I2C_MASTER) ?
 167:Generated_Source\PSoC4/I2C_I2C.c ****                                                      (I2C_I2C_INTR_MASTER_MASK) :
 168:Generated_Source\PSoC4/I2C_I2C.c ****                                                      (I2C_CLEAR_REG));
 169:Generated_Source\PSoC4/I2C_I2C.c **** 
 170:Generated_Source\PSoC4/I2C_I2C.c ****             /* Configure global variables */
 171:Generated_Source\PSoC4/I2C_I2C.c ****             I2C_state = I2C_I2C_FSM_IDLE;
 172:Generated_Source\PSoC4/I2C_I2C.c **** 
 173:Generated_Source\PSoC4/I2C_I2C.c ****             /* Internal slave variables */
 174:Generated_Source\PSoC4/I2C_I2C.c ****             I2C_slStatus        = 0u;
 175:Generated_Source\PSoC4/I2C_I2C.c ****             I2C_slRdBufIndex    = 0u;
 176:Generated_Source\PSoC4/I2C_I2C.c ****             I2C_slWrBufIndex    = 0u;
 177:Generated_Source\PSoC4/I2C_I2C.c ****             I2C_slOverFlowCount = 0u;
 178:Generated_Source\PSoC4/I2C_I2C.c **** 
 179:Generated_Source\PSoC4/I2C_I2C.c ****             /* Internal master variables */
 180:Generated_Source\PSoC4/I2C_I2C.c ****             I2C_mstrStatus     = 0u;
 181:Generated_Source\PSoC4/I2C_I2C.c ****             I2C_mstrRdBufIndex = 0u;
 182:Generated_Source\PSoC4/I2C_I2C.c ****             I2C_mstrWrBufIndex = 0u;
 183:Generated_Source\PSoC4/I2C_I2C.c ****         }
 184:Generated_Source\PSoC4/I2C_I2C.c ****     }
 185:Generated_Source\PSoC4/I2C_I2C.c **** 
 186:Generated_Source\PSoC4/I2C_I2C.c **** #else
 187:Generated_Source\PSoC4/I2C_I2C.c **** 
 188:Generated_Source\PSoC4/I2C_I2C.c ****     /*******************************************************************************
 189:Generated_Source\PSoC4/I2C_I2C.c ****     * Function Name: I2C_I2CInit
 190:Generated_Source\PSoC4/I2C_I2C.c ****     ****************************************************************************//**
 191:Generated_Source\PSoC4/I2C_I2C.c ****     *
 192:Generated_Source\PSoC4/I2C_I2C.c ****     *  Configures the SCB for the I2C operation.
 193:Generated_Source\PSoC4/I2C_I2C.c ****     *
 194:Generated_Source\PSoC4/I2C_I2C.c ****     *******************************************************************************/
 195:Generated_Source\PSoC4/I2C_I2C.c ****     void I2C_I2CInit(void)
 196:Generated_Source\PSoC4/I2C_I2C.c ****     {
  28              		.loc 1 196 0
  29              		.cfi_startproc
  30              		@ args = 0, pretend = 0, frame = 0
  31              		@ frame_needed = 0, uses_anonymous_args = 0
  32 0000 10B5     		push	{r4, lr}
ARM GAS  C:\Users\JamesN4\AppData\Local\Temp\cchIfgqY.s 			page 5


  33              		.cfi_def_cfa_offset 8
  34              		.cfi_offset 4, -8
  35              		.cfi_offset 14, -4
 197:Generated_Source\PSoC4/I2C_I2C.c ****     #if(I2C_CY_SCBIP_V0)
 198:Generated_Source\PSoC4/I2C_I2C.c ****         /* Adjust SDA filter settings. Ticket ID#150521 */
 199:Generated_Source\PSoC4/I2C_I2C.c ****         I2C_SET_I2C_CFG_SDA_FILT_TRIM(I2C_EC_AM_I2C_CFG_SDA_FILT_TRIM);
 200:Generated_Source\PSoC4/I2C_I2C.c ****     #endif /* (I2C_CY_SCBIP_V0) */
 201:Generated_Source\PSoC4/I2C_I2C.c **** 
 202:Generated_Source\PSoC4/I2C_I2C.c ****         /* Adjust AF and DF filter settings. Ticket ID#176179 */
 203:Generated_Source\PSoC4/I2C_I2C.c ****         I2C_I2C_CFG_ANALOG_FITER_ENABLE_ADJ;
 204:Generated_Source\PSoC4/I2C_I2C.c **** 
 205:Generated_Source\PSoC4/I2C_I2C.c ****         /* Configure I2C interface */
 206:Generated_Source\PSoC4/I2C_I2C.c ****         I2C_CTRL_REG     = I2C_I2C_DEFAULT_CTRL;
  36              		.loc 1 206 0
  37 0002 8022     		movs	r2, #128
  38 0004 5200     		lsls	r2, r2, #1
  39 0006 1C4B     		ldr	r3, .L2
  40 0008 1A60     		str	r2, [r3]
 207:Generated_Source\PSoC4/I2C_I2C.c ****         I2C_I2C_CTRL_REG = I2C_I2C_DEFAULT_I2C_CTRL;
  41              		.loc 1 207 0
  42 000a 1C4A     		ldr	r2, .L2+4
  43 000c 1C4B     		ldr	r3, .L2+8
  44 000e 1A60     		str	r2, [r3]
 208:Generated_Source\PSoC4/I2C_I2C.c **** 
 209:Generated_Source\PSoC4/I2C_I2C.c ****         /* Configure RX direction */
 210:Generated_Source\PSoC4/I2C_I2C.c ****         I2C_RX_CTRL_REG      = I2C_I2C_DEFAULT_RX_CTRL;
  45              		.loc 1 210 0
  46 0010 1C4B     		ldr	r3, .L2+12
  47 0012 1D4A     		ldr	r2, .L2+16
  48 0014 1360     		str	r3, [r2]
 211:Generated_Source\PSoC4/I2C_I2C.c ****         I2C_RX_FIFO_CTRL_REG = I2C_I2C_DEFAULT_RX_FIFO_CTRL;
  49              		.loc 1 211 0
  50 0016 0024     		movs	r4, #0
  51 0018 1C4A     		ldr	r2, .L2+20
  52 001a 1460     		str	r4, [r2]
 212:Generated_Source\PSoC4/I2C_I2C.c **** 
 213:Generated_Source\PSoC4/I2C_I2C.c ****         /* Set default address and mask */
 214:Generated_Source\PSoC4/I2C_I2C.c ****         I2C_RX_MATCH_REG     = I2C_I2C_DEFAULT_RX_MATCH;
  53              		.loc 1 214 0
  54 001c 1C49     		ldr	r1, .L2+24
  55 001e 1D4A     		ldr	r2, .L2+28
  56 0020 1160     		str	r1, [r2]
 215:Generated_Source\PSoC4/I2C_I2C.c **** 
 216:Generated_Source\PSoC4/I2C_I2C.c ****         /* Configure TX direction */
 217:Generated_Source\PSoC4/I2C_I2C.c ****         I2C_TX_CTRL_REG      = I2C_I2C_DEFAULT_TX_CTRL;
  57              		.loc 1 217 0
  58 0022 1D4A     		ldr	r2, .L2+32
  59 0024 1360     		str	r3, [r2]
 218:Generated_Source\PSoC4/I2C_I2C.c ****         I2C_TX_FIFO_CTRL_REG = I2C_I2C_DEFAULT_TX_FIFO_CTRL;
  60              		.loc 1 218 0
  61 0026 1D4B     		ldr	r3, .L2+36
  62 0028 1C60     		str	r4, [r3]
 219:Generated_Source\PSoC4/I2C_I2C.c **** 
 220:Generated_Source\PSoC4/I2C_I2C.c ****         /* Configure interrupt with I2C handler but do not enable it */
 221:Generated_Source\PSoC4/I2C_I2C.c ****         CyIntDisable    (I2C_ISR_NUMBER);
  63              		.loc 1 221 0
  64 002a 0820     		movs	r0, #8
ARM GAS  C:\Users\JamesN4\AppData\Local\Temp\cchIfgqY.s 			page 6


  65 002c FFF7FEFF 		bl	CyIntDisable
  66              	.LVL0:
 222:Generated_Source\PSoC4/I2C_I2C.c ****         CyIntSetPriority(I2C_ISR_NUMBER, I2C_ISR_PRIORITY);
  67              		.loc 1 222 0
  68 0030 0321     		movs	r1, #3
  69 0032 0820     		movs	r0, #8
  70 0034 FFF7FEFF 		bl	CyIntSetPriority
  71              	.LVL1:
 223:Generated_Source\PSoC4/I2C_I2C.c ****     #if(!I2C_I2C_EXTERN_INTR_HANDLER)
 224:Generated_Source\PSoC4/I2C_I2C.c ****         (void) CyIntSetVector(I2C_ISR_NUMBER, &I2C_I2C_ISR);
  72              		.loc 1 224 0
  73 0038 1949     		ldr	r1, .L2+40
  74 003a 0820     		movs	r0, #8
  75 003c FFF7FEFF 		bl	CyIntSetVector
  76              	.LVL2:
 225:Generated_Source\PSoC4/I2C_I2C.c ****     #endif /* (I2C_I2C_EXTERN_INTR_HANDLER) */
 226:Generated_Source\PSoC4/I2C_I2C.c **** 
 227:Generated_Source\PSoC4/I2C_I2C.c ****         /* Configure interrupt sources */
 228:Generated_Source\PSoC4/I2C_I2C.c ****     #if(!I2C_CY_SCBIP_V1)
 229:Generated_Source\PSoC4/I2C_I2C.c ****         I2C_INTR_SPI_EC_MASK_REG = I2C_I2C_DEFAULT_INTR_SPI_EC_MASK;
  77              		.loc 1 229 0
  78 0040 184B     		ldr	r3, .L2+44
  79 0042 1C60     		str	r4, [r3]
 230:Generated_Source\PSoC4/I2C_I2C.c ****     #endif /* (!I2C_CY_SCBIP_V1) */
 231:Generated_Source\PSoC4/I2C_I2C.c **** 
 232:Generated_Source\PSoC4/I2C_I2C.c ****         I2C_INTR_I2C_EC_MASK_REG = I2C_I2C_DEFAULT_INTR_I2C_EC_MASK;
  80              		.loc 1 232 0
  81 0044 184B     		ldr	r3, .L2+48
  82 0046 1C60     		str	r4, [r3]
 233:Generated_Source\PSoC4/I2C_I2C.c ****         I2C_INTR_SLAVE_MASK_REG  = I2C_I2C_DEFAULT_INTR_SLAVE_MASK;
  83              		.loc 1 233 0
  84 0048 4C22     		movs	r2, #76
  85 004a FF32     		adds	r2, r2, #255
  86 004c 174B     		ldr	r3, .L2+52
  87 004e 1A60     		str	r2, [r3]
 234:Generated_Source\PSoC4/I2C_I2C.c ****         I2C_INTR_MASTER_MASK_REG = I2C_I2C_DEFAULT_INTR_MASTER_MASK;
  88              		.loc 1 234 0
  89 0050 174B     		ldr	r3, .L2+56
  90 0052 1C60     		str	r4, [r3]
 235:Generated_Source\PSoC4/I2C_I2C.c ****         I2C_INTR_RX_MASK_REG     = I2C_I2C_DEFAULT_INTR_RX_MASK;
  91              		.loc 1 235 0
  92 0054 174B     		ldr	r3, .L2+60
  93 0056 1C60     		str	r4, [r3]
 236:Generated_Source\PSoC4/I2C_I2C.c ****         I2C_INTR_TX_MASK_REG     = I2C_I2C_DEFAULT_INTR_TX_MASK;
  94              		.loc 1 236 0
  95 0058 174B     		ldr	r3, .L2+64
  96 005a 1C60     		str	r4, [r3]
 237:Generated_Source\PSoC4/I2C_I2C.c **** 
 238:Generated_Source\PSoC4/I2C_I2C.c ****         /* Configure global variables */
 239:Generated_Source\PSoC4/I2C_I2C.c ****         I2C_state = I2C_I2C_FSM_IDLE;
  97              		.loc 1 239 0
  98 005c 3C3A     		subs	r2, r2, #60
  99 005e FF3A     		subs	r2, r2, #255
 100 0060 164B     		ldr	r3, .L2+68
 101 0062 1A70     		strb	r2, [r3]
 240:Generated_Source\PSoC4/I2C_I2C.c **** 
 241:Generated_Source\PSoC4/I2C_I2C.c ****     #if(I2C_I2C_SLAVE)
ARM GAS  C:\Users\JamesN4\AppData\Local\Temp\cchIfgqY.s 			page 7


 242:Generated_Source\PSoC4/I2C_I2C.c ****         /* Internal slave variable */
 243:Generated_Source\PSoC4/I2C_I2C.c ****         I2C_slStatus        = 0u;
 102              		.loc 1 243 0
 103 0064 164B     		ldr	r3, .L2+72
 104 0066 1C70     		strb	r4, [r3]
 244:Generated_Source\PSoC4/I2C_I2C.c ****         I2C_slRdBufIndex    = 0u;
 105              		.loc 1 244 0
 106 0068 164B     		ldr	r3, .L2+76
 107 006a 1C60     		str	r4, [r3]
 245:Generated_Source\PSoC4/I2C_I2C.c ****         I2C_slWrBufIndex    = 0u;
 108              		.loc 1 245 0
 109 006c 164B     		ldr	r3, .L2+80
 110 006e 1C60     		str	r4, [r3]
 246:Generated_Source\PSoC4/I2C_I2C.c ****         I2C_slOverFlowCount = 0u;
 111              		.loc 1 246 0
 112 0070 164B     		ldr	r3, .L2+84
 113 0072 1C70     		strb	r4, [r3]
 247:Generated_Source\PSoC4/I2C_I2C.c ****     #endif /* (I2C_I2C_SLAVE) */
 248:Generated_Source\PSoC4/I2C_I2C.c **** 
 249:Generated_Source\PSoC4/I2C_I2C.c ****     #if(I2C_I2C_MASTER)
 250:Generated_Source\PSoC4/I2C_I2C.c ****     /* Internal master variable */
 251:Generated_Source\PSoC4/I2C_I2C.c ****         I2C_mstrStatus     = 0u;
 252:Generated_Source\PSoC4/I2C_I2C.c ****         I2C_mstrRdBufIndex = 0u;
 253:Generated_Source\PSoC4/I2C_I2C.c ****         I2C_mstrWrBufIndex = 0u;
 254:Generated_Source\PSoC4/I2C_I2C.c ****     #endif /* (I2C_I2C_MASTER) */
 255:Generated_Source\PSoC4/I2C_I2C.c ****     }
 114              		.loc 1 255 0
 115              		@ sp needed
 116 0074 10BD     		pop	{r4, pc}
 117              	.L3:
 118 0076 C046     		.align	2
 119              	.L2:
 120 0078 00002440 		.word	1076101120
 121 007c 77080040 		.word	1073743991
 122 0080 60002440 		.word	1076101216
 123 0084 07010080 		.word	-2147483385
 124 0088 00032440 		.word	1076101888
 125 008c 04032440 		.word	1076101892
 126 0090 1000FE00 		.word	16646160
 127 0094 10032440 		.word	1076101904
 128 0098 00022440 		.word	1076101632
 129 009c 04022440 		.word	1076101636
 130 00a0 00000000 		.word	I2C_I2C_ISR
 131 00a4 C80E2440 		.word	1076104904
 132 00a8 880E2440 		.word	1076104840
 133 00ac 480F2440 		.word	1076105032
 134 00b0 080F2440 		.word	1076104968
 135 00b4 C80F2440 		.word	1076105160
 136 00b8 880F2440 		.word	1076105096
 137 00bc 00000000 		.word	I2C_state
 138 00c0 00000000 		.word	I2C_slStatus
 139 00c4 00000000 		.word	I2C_slRdBufIndex
 140 00c8 00000000 		.word	I2C_slWrBufIndex
 141 00cc 00000000 		.word	I2C_slOverFlowCount
 142              		.cfi_endproc
 143              	.LFE1:
 144              		.size	I2C_I2CInit, .-I2C_I2CInit
ARM GAS  C:\Users\JamesN4\AppData\Local\Temp\cchIfgqY.s 			page 8


 145              		.section	.text.I2C_I2CStop,"ax",%progbits
 146              		.align	2
 147              		.global	I2C_I2CStop
 148              		.code	16
 149              		.thumb_func
 150              		.type	I2C_I2CStop, %function
 151              	I2C_I2CStop:
 152              	.LFB2:
 256:Generated_Source\PSoC4/I2C_I2C.c **** #endif /* (I2C_SCB_MODE_UNCONFIG_CONST_CFG) */
 257:Generated_Source\PSoC4/I2C_I2C.c **** 
 258:Generated_Source\PSoC4/I2C_I2C.c **** 
 259:Generated_Source\PSoC4/I2C_I2C.c **** /*******************************************************************************
 260:Generated_Source\PSoC4/I2C_I2C.c **** * Function Name: I2C_I2CStop
 261:Generated_Source\PSoC4/I2C_I2C.c **** ****************************************************************************//**
 262:Generated_Source\PSoC4/I2C_I2C.c **** *
 263:Generated_Source\PSoC4/I2C_I2C.c **** *  Resets the I2C FSM into the default state.
 264:Generated_Source\PSoC4/I2C_I2C.c **** *
 265:Generated_Source\PSoC4/I2C_I2C.c **** *******************************************************************************/
 266:Generated_Source\PSoC4/I2C_I2C.c **** void I2C_I2CStop(void)
 267:Generated_Source\PSoC4/I2C_I2C.c **** {
 153              		.loc 1 267 0
 154              		.cfi_startproc
 155              		@ args = 0, pretend = 0, frame = 0
 156              		@ frame_needed = 0, uses_anonymous_args = 0
 157              		@ link register save eliminated.
 268:Generated_Source\PSoC4/I2C_I2C.c ****     I2C_state = I2C_I2C_FSM_IDLE;
 158              		.loc 1 268 0
 159 0000 1022     		movs	r2, #16
 160 0002 014B     		ldr	r3, .L5
 161 0004 1A70     		strb	r2, [r3]
 269:Generated_Source\PSoC4/I2C_I2C.c **** }
 162              		.loc 1 269 0
 163              		@ sp needed
 164 0006 7047     		bx	lr
 165              	.L6:
 166              		.align	2
 167              	.L5:
 168 0008 00000000 		.word	I2C_state
 169              		.cfi_endproc
 170              	.LFE2:
 171              		.size	I2C_I2CStop, .-I2C_I2CStop
 172              		.section	.text.I2C_I2CSaveConfig,"ax",%progbits
 173              		.align	2
 174              		.global	I2C_I2CSaveConfig
 175              		.code	16
 176              		.thumb_func
 177              		.type	I2C_I2CSaveConfig, %function
 178              	I2C_I2CSaveConfig:
 179              	.LFB3:
 270:Generated_Source\PSoC4/I2C_I2C.c **** 
 271:Generated_Source\PSoC4/I2C_I2C.c **** 
 272:Generated_Source\PSoC4/I2C_I2C.c **** #if(I2C_I2C_WAKE_ENABLE_CONST)
 273:Generated_Source\PSoC4/I2C_I2C.c ****     /*******************************************************************************
 274:Generated_Source\PSoC4/I2C_I2C.c ****     * Function Name: I2C_I2CSaveConfig
 275:Generated_Source\PSoC4/I2C_I2C.c ****     ****************************************************************************//**
 276:Generated_Source\PSoC4/I2C_I2C.c ****     *
 277:Generated_Source\PSoC4/I2C_I2C.c ****     *  Enables I2C_INTR_I2C_EC_WAKE_UP interrupt source. This interrupt
ARM GAS  C:\Users\JamesN4\AppData\Local\Temp\cchIfgqY.s 			page 9


 278:Generated_Source\PSoC4/I2C_I2C.c ****     *  triggers on address match and wakes up device.
 279:Generated_Source\PSoC4/I2C_I2C.c ****     *
 280:Generated_Source\PSoC4/I2C_I2C.c ****     *******************************************************************************/
 281:Generated_Source\PSoC4/I2C_I2C.c ****     void I2C_I2CSaveConfig(void)
 282:Generated_Source\PSoC4/I2C_I2C.c ****     {
 180              		.loc 1 282 0
 181              		.cfi_startproc
 182              		@ args = 0, pretend = 0, frame = 0
 183              		@ frame_needed = 0, uses_anonymous_args = 0
 184 0000 10B5     		push	{r4, lr}
 185              		.cfi_def_cfa_offset 8
 186              		.cfi_offset 4, -8
 187              		.cfi_offset 14, -4
 283:Generated_Source\PSoC4/I2C_I2C.c ****     #if (!I2C_CY_SCBIP_V0)
 284:Generated_Source\PSoC4/I2C_I2C.c ****         #if (I2C_I2C_MULTI_MASTER_SLAVE_CONST && I2C_I2C_WAKE_ENABLE_CONST)
 285:Generated_Source\PSoC4/I2C_I2C.c ****             /* Enable externally clocked address match if it was not enabled before.
 286:Generated_Source\PSoC4/I2C_I2C.c ****             * This applicable only for Multi-Master-Slave. Ticket ID#192742 */
 287:Generated_Source\PSoC4/I2C_I2C.c ****             if (0u == (I2C_CTRL_REG & I2C_CTRL_EC_AM_MODE))
 288:Generated_Source\PSoC4/I2C_I2C.c ****             {
 289:Generated_Source\PSoC4/I2C_I2C.c ****                 /* Enable external address match logic */
 290:Generated_Source\PSoC4/I2C_I2C.c ****                 I2C_Stop();
 291:Generated_Source\PSoC4/I2C_I2C.c ****                 I2C_CTRL_REG |= I2C_CTRL_EC_AM_MODE;
 292:Generated_Source\PSoC4/I2C_I2C.c ****                 I2C_Enable();
 293:Generated_Source\PSoC4/I2C_I2C.c ****             }
 294:Generated_Source\PSoC4/I2C_I2C.c ****         #endif /* (I2C_I2C_MULTI_MASTER_SLAVE_CONST) */
 295:Generated_Source\PSoC4/I2C_I2C.c **** 
 296:Generated_Source\PSoC4/I2C_I2C.c ****         #if (I2C_SCB_CLK_INTERNAL)
 297:Generated_Source\PSoC4/I2C_I2C.c ****             /* Disable clock to internal address match logic. Ticket ID#187931 */
 298:Generated_Source\PSoC4/I2C_I2C.c ****             I2C_SCBCLK_Stop();
 188              		.loc 1 298 0
 189 0002 FFF7FEFF 		bl	I2C_SCBCLK_Stop
 190              	.LVL3:
 299:Generated_Source\PSoC4/I2C_I2C.c ****         #endif /* (I2C_SCB_CLK_INTERNAL) */
 300:Generated_Source\PSoC4/I2C_I2C.c ****     #endif /* (!I2C_CY_SCBIP_V0) */
 301:Generated_Source\PSoC4/I2C_I2C.c **** 
 302:Generated_Source\PSoC4/I2C_I2C.c ****         I2C_SetI2CExtClkInterruptMode(I2C_INTR_I2C_EC_WAKE_UP);
 191              		.loc 1 302 0
 192 0006 0122     		movs	r2, #1
 193 0008 014B     		ldr	r3, .L8
 194 000a 1A60     		str	r2, [r3]
 303:Generated_Source\PSoC4/I2C_I2C.c ****     }
 195              		.loc 1 303 0
 196              		@ sp needed
 197 000c 10BD     		pop	{r4, pc}
 198              	.L9:
 199 000e C046     		.align	2
 200              	.L8:
 201 0010 880E2440 		.word	1076104840
 202              		.cfi_endproc
 203              	.LFE3:
 204              		.size	I2C_I2CSaveConfig, .-I2C_I2CSaveConfig
 205              		.section	.text.I2C_I2CRestoreConfig,"ax",%progbits
 206              		.align	2
 207              		.global	I2C_I2CRestoreConfig
 208              		.code	16
 209              		.thumb_func
 210              		.type	I2C_I2CRestoreConfig, %function
ARM GAS  C:\Users\JamesN4\AppData\Local\Temp\cchIfgqY.s 			page 10


 211              	I2C_I2CRestoreConfig:
 212              	.LFB4:
 304:Generated_Source\PSoC4/I2C_I2C.c **** 
 305:Generated_Source\PSoC4/I2C_I2C.c **** 
 306:Generated_Source\PSoC4/I2C_I2C.c ****     /*******************************************************************************
 307:Generated_Source\PSoC4/I2C_I2C.c ****     * Function Name: I2C_I2CRestoreConfig
 308:Generated_Source\PSoC4/I2C_I2C.c ****     ****************************************************************************//**
 309:Generated_Source\PSoC4/I2C_I2C.c ****     *
 310:Generated_Source\PSoC4/I2C_I2C.c ****     *  Disables I2C_INTR_I2C_EC_WAKE_UP interrupt source. This interrupt
 311:Generated_Source\PSoC4/I2C_I2C.c ****     *  triggers on address match and wakes up device.
 312:Generated_Source\PSoC4/I2C_I2C.c ****     *
 313:Generated_Source\PSoC4/I2C_I2C.c ****     *******************************************************************************/
 314:Generated_Source\PSoC4/I2C_I2C.c ****     void I2C_I2CRestoreConfig(void)
 315:Generated_Source\PSoC4/I2C_I2C.c ****     {
 213              		.loc 1 315 0
 214              		.cfi_startproc
 215              		@ args = 0, pretend = 0, frame = 0
 216              		@ frame_needed = 0, uses_anonymous_args = 0
 217 0000 10B5     		push	{r4, lr}
 218              		.cfi_def_cfa_offset 8
 219              		.cfi_offset 4, -8
 220              		.cfi_offset 14, -4
 316:Generated_Source\PSoC4/I2C_I2C.c ****         /* Disable wakeup interrupt on address match */
 317:Generated_Source\PSoC4/I2C_I2C.c ****         I2C_SetI2CExtClkInterruptMode(I2C_NO_INTR_SOURCES);
 221              		.loc 1 317 0
 222 0002 0022     		movs	r2, #0
 223 0004 024B     		ldr	r3, .L11
 224 0006 1A60     		str	r2, [r3]
 318:Generated_Source\PSoC4/I2C_I2C.c **** 
 319:Generated_Source\PSoC4/I2C_I2C.c ****     #if (!I2C_CY_SCBIP_V0)
 320:Generated_Source\PSoC4/I2C_I2C.c ****         #if (I2C_SCB_CLK_INTERNAL)
 321:Generated_Source\PSoC4/I2C_I2C.c ****             /* Enable clock to internal address match logic. Ticket ID#187931 */
 322:Generated_Source\PSoC4/I2C_I2C.c ****             I2C_SCBCLK_Start();
 225              		.loc 1 322 0
 226 0008 FF20     		movs	r0, #255
 227 000a FFF7FEFF 		bl	I2C_SCBCLK_StartEx
 228              	.LVL4:
 323:Generated_Source\PSoC4/I2C_I2C.c ****         #endif /* (I2C_SCB_CLK_INTERNAL) */
 324:Generated_Source\PSoC4/I2C_I2C.c ****     #endif /* (!I2C_CY_SCBIP_V0) */
 325:Generated_Source\PSoC4/I2C_I2C.c ****     }
 229              		.loc 1 325 0
 230              		@ sp needed
 231 000e 10BD     		pop	{r4, pc}
 232              	.L12:
 233              		.align	2
 234              	.L11:
 235 0010 880E2440 		.word	1076104840
 236              		.cfi_endproc
 237              	.LFE4:
 238              		.size	I2C_I2CRestoreConfig, .-I2C_I2CRestoreConfig
 239              		.comm	I2C_state,1,1
 240              		.text
 241              	.Letext0:
 242              		.file 2 "Generated_Source\\PSoC4/cytypes.h"
 243              		.file 3 "Generated_Source\\PSoC4\\I2C_I2C_PVT.h"
 244              		.file 4 "Generated_Source\\PSoC4/CyLib.h"
 245              		.file 5 "Generated_Source\\PSoC4\\I2C_SCBCLK.h"
ARM GAS  C:\Users\JamesN4\AppData\Local\Temp\cchIfgqY.s 			page 11


 246              		.section	.debug_info,"",%progbits
 247              	.Ldebug_info0:
 248 0000 D6010000 		.4byte	0x1d6
 249 0004 0400     		.2byte	0x4
 250 0006 00000000 		.4byte	.Ldebug_abbrev0
 251 000a 04       		.byte	0x4
 252 000b 01       		.uleb128 0x1
 253 000c A6010000 		.4byte	.LASF30
 254 0010 0C       		.byte	0xc
 255 0011 F3000000 		.4byte	.LASF31
 256 0015 4C000000 		.4byte	.LASF32
 257 0019 00000000 		.4byte	.Ldebug_ranges0+0
 258 001d 00000000 		.4byte	0
 259 0021 00000000 		.4byte	.Ldebug_line0
 260 0025 02       		.uleb128 0x2
 261 0026 01       		.byte	0x1
 262 0027 06       		.byte	0x6
 263 0028 99020000 		.4byte	.LASF0
 264 002c 02       		.uleb128 0x2
 265 002d 01       		.byte	0x1
 266 002e 08       		.byte	0x8
 267 002f BB000000 		.4byte	.LASF1
 268 0033 02       		.uleb128 0x2
 269 0034 02       		.byte	0x2
 270 0035 05       		.byte	0x5
 271 0036 38010000 		.4byte	.LASF2
 272 003a 02       		.uleb128 0x2
 273 003b 02       		.byte	0x2
 274 003c 07       		.byte	0x7
 275 003d 39000000 		.4byte	.LASF3
 276 0041 02       		.uleb128 0x2
 277 0042 04       		.byte	0x4
 278 0043 05       		.byte	0x5
 279 0044 84020000 		.4byte	.LASF4
 280 0048 02       		.uleb128 0x2
 281 0049 04       		.byte	0x4
 282 004a 07       		.byte	0x7
 283 004b DB000000 		.4byte	.LASF5
 284 004f 02       		.uleb128 0x2
 285 0050 08       		.byte	0x8
 286 0051 05       		.byte	0x5
 287 0052 3D020000 		.4byte	.LASF6
 288 0056 02       		.uleb128 0x2
 289 0057 08       		.byte	0x8
 290 0058 07       		.byte	0x7
 291 0059 7E010000 		.4byte	.LASF7
 292 005d 03       		.uleb128 0x3
 293 005e 04       		.byte	0x4
 294 005f 05       		.byte	0x5
 295 0060 696E7400 		.ascii	"int\000"
 296 0064 02       		.uleb128 0x2
 297 0065 04       		.byte	0x4
 298 0066 07       		.byte	0x7
 299 0067 5C010000 		.4byte	.LASF8
 300 006b 04       		.uleb128 0x4
 301 006c ED000000 		.4byte	.LASF9
 302 0070 02       		.byte	0x2
ARM GAS  C:\Users\JamesN4\AppData\Local\Temp\cchIfgqY.s 			page 12


 303 0071 D201     		.2byte	0x1d2
 304 0073 2C000000 		.4byte	0x2c
 305 0077 04       		.uleb128 0x4
 306 0078 55010000 		.4byte	.LASF10
 307 007c 02       		.byte	0x2
 308 007d D401     		.2byte	0x1d4
 309 007f 48000000 		.4byte	0x48
 310 0083 02       		.uleb128 0x2
 311 0084 04       		.byte	0x4
 312 0085 04       		.byte	0x4
 313 0086 A8000000 		.4byte	.LASF11
 314 008a 02       		.uleb128 0x2
 315 008b 08       		.byte	0x8
 316 008c 04       		.byte	0x4
 317 008d 14010000 		.4byte	.LASF12
 318 0091 02       		.uleb128 0x2
 319 0092 01       		.byte	0x1
 320 0093 08       		.byte	0x8
 321 0094 4B020000 		.4byte	.LASF13
 322 0098 05       		.uleb128 0x5
 323 0099 6B000000 		.4byte	0x6b
 324 009d 04       		.uleb128 0x4
 325 009e 24000000 		.4byte	.LASF14
 326 00a2 02       		.byte	0x2
 327 00a3 7E02     		.2byte	0x27e
 328 00a5 A9000000 		.4byte	0xa9
 329 00a9 05       		.uleb128 0x5
 330 00aa 77000000 		.4byte	0x77
 331 00ae 02       		.uleb128 0x2
 332 00af 08       		.byte	0x8
 333 00b0 04       		.byte	0x4
 334 00b1 8D020000 		.4byte	.LASF15
 335 00b5 02       		.uleb128 0x2
 336 00b6 04       		.byte	0x4
 337 00b7 07       		.byte	0x7
 338 00b8 34020000 		.4byte	.LASF16
 339 00bc 06       		.uleb128 0x6
 340 00bd 1B010000 		.4byte	.LASF17
 341 00c1 01       		.byte	0x1
 342 00c2 C3       		.byte	0xc3
 343 00c3 00000000 		.4byte	.LFB1
 344 00c7 D0000000 		.4byte	.LFE1-.LFB1
 345 00cb 01       		.uleb128 0x1
 346 00cc 9C       		.byte	0x9c
 347 00cd 0C010000 		.4byte	0x10c
 348 00d1 07       		.uleb128 0x7
 349 00d2 30000000 		.4byte	.LVL0
 350 00d6 A2010000 		.4byte	0x1a2
 351 00da E4000000 		.4byte	0xe4
 352 00de 08       		.uleb128 0x8
 353 00df 01       		.uleb128 0x1
 354 00e0 50       		.byte	0x50
 355 00e1 01       		.uleb128 0x1
 356 00e2 38       		.byte	0x38
 357 00e3 00       		.byte	0
 358 00e4 07       		.uleb128 0x7
 359 00e5 38000000 		.4byte	.LVL1
ARM GAS  C:\Users\JamesN4\AppData\Local\Temp\cchIfgqY.s 			page 13


 360 00e9 AD010000 		.4byte	0x1ad
 361 00ed FC000000 		.4byte	0xfc
 362 00f1 08       		.uleb128 0x8
 363 00f2 01       		.uleb128 0x1
 364 00f3 50       		.byte	0x50
 365 00f4 01       		.uleb128 0x1
 366 00f5 38       		.byte	0x38
 367 00f6 08       		.uleb128 0x8
 368 00f7 01       		.uleb128 0x1
 369 00f8 51       		.byte	0x51
 370 00f9 01       		.uleb128 0x1
 371 00fa 33       		.byte	0x33
 372 00fb 00       		.byte	0
 373 00fc 09       		.uleb128 0x9
 374 00fd 40000000 		.4byte	.LVL2
 375 0101 B8010000 		.4byte	0x1b8
 376 0105 08       		.uleb128 0x8
 377 0106 01       		.uleb128 0x1
 378 0107 50       		.byte	0x50
 379 0108 01       		.uleb128 0x1
 380 0109 38       		.byte	0x38
 381 010a 00       		.byte	0
 382 010b 00       		.byte	0
 383 010c 0A       		.uleb128 0xa
 384 010d 5D020000 		.4byte	.LASF33
 385 0111 01       		.byte	0x1
 386 0112 0A01     		.2byte	0x10a
 387 0114 00000000 		.4byte	.LFB2
 388 0118 0C000000 		.4byte	.LFE2-.LFB2
 389 011c 01       		.uleb128 0x1
 390 011d 9C       		.byte	0x9c
 391 011e 0B       		.uleb128 0xb
 392 011f C9000000 		.4byte	.LASF18
 393 0123 01       		.byte	0x1
 394 0124 1901     		.2byte	0x119
 395 0126 00000000 		.4byte	.LFB3
 396 012a 14000000 		.4byte	.LFE3-.LFB3
 397 012e 01       		.uleb128 0x1
 398 012f 9C       		.byte	0x9c
 399 0130 3E010000 		.4byte	0x13e
 400 0134 0C       		.uleb128 0xc
 401 0135 06000000 		.4byte	.LVL3
 402 0139 C3010000 		.4byte	0x1c3
 403 013d 00       		.byte	0
 404 013e 0B       		.uleb128 0xb
 405 013f 69010000 		.4byte	.LASF19
 406 0143 01       		.byte	0x1
 407 0144 3A01     		.2byte	0x13a
 408 0146 00000000 		.4byte	.LFB4
 409 014a 14000000 		.4byte	.LFE4-.LFB4
 410 014e 01       		.uleb128 0x1
 411 014f 9C       		.byte	0x9c
 412 0150 65010000 		.4byte	0x165
 413 0154 09       		.uleb128 0x9
 414 0155 0E000000 		.4byte	.LVL4
 415 0159 CE010000 		.4byte	0x1ce
 416 015d 08       		.uleb128 0x8
ARM GAS  C:\Users\JamesN4\AppData\Local\Temp\cchIfgqY.s 			page 14


 417 015e 01       		.uleb128 0x1
 418 015f 50       		.byte	0x50
 419 0160 02       		.uleb128 0x2
 420 0161 08       		.byte	0x8
 421 0162 FF       		.byte	0xff
 422 0163 00       		.byte	0
 423 0164 00       		.byte	0
 424 0165 0D       		.uleb128 0xd
 425 0166 7A020000 		.4byte	.LASF20
 426 016a 01       		.byte	0x1
 427 016b 1B       		.byte	0x1b
 428 016c 98000000 		.4byte	0x98
 429 0170 05       		.uleb128 0x5
 430 0171 03       		.byte	0x3
 431 0172 00000000 		.4byte	I2C_state
 432 0176 0E       		.uleb128 0xe
 433 0177 AE000000 		.4byte	.LASF21
 434 017b 03       		.byte	0x3
 435 017c 21       		.byte	0x21
 436 017d 98000000 		.4byte	0x98
 437 0181 0E       		.uleb128 0xe
 438 0182 27010000 		.4byte	.LASF22
 439 0186 03       		.byte	0x3
 440 0187 26       		.byte	0x26
 441 0188 A9000000 		.4byte	0xa9
 442 018c 0E       		.uleb128 0xe
 443 018d 69020000 		.4byte	.LASF23
 444 0191 03       		.byte	0x3
 445 0192 2B       		.byte	0x2b
 446 0193 A9000000 		.4byte	0xa9
 447 0197 0E       		.uleb128 0xe
 448 0198 10000000 		.4byte	.LASF24
 449 019c 03       		.byte	0x3
 450 019d 2D       		.byte	0x2d
 451 019e 98000000 		.4byte	0x98
 452 01a2 0F       		.uleb128 0xf
 453 01a3 50020000 		.4byte	.LASF25
 454 01a7 50020000 		.4byte	.LASF25
 455 01ab 04       		.byte	0x4
 456 01ac C5       		.byte	0xc5
 457 01ad 0F       		.uleb128 0xf
 458 01ae 95010000 		.4byte	.LASF26
 459 01b2 95010000 		.4byte	.LASF26
 460 01b6 04       		.byte	0x4
 461 01b7 C0       		.byte	0xc0
 462 01b8 0F       		.uleb128 0xf
 463 01b9 2A000000 		.4byte	.LASF27
 464 01bd 2A000000 		.4byte	.LASF27
 465 01c1 04       		.byte	0x4
 466 01c2 BD       		.byte	0xbd
 467 01c3 0F       		.uleb128 0xf
 468 01c4 00000000 		.4byte	.LASF28
 469 01c8 00000000 		.4byte	.LASF28
 470 01cc 05       		.byte	0x5
 471 01cd 27       		.byte	0x27
 472 01ce 0F       		.uleb128 0xf
 473 01cf 42010000 		.4byte	.LASF29
ARM GAS  C:\Users\JamesN4\AppData\Local\Temp\cchIfgqY.s 			page 15


 474 01d3 42010000 		.4byte	.LASF29
 475 01d7 05       		.byte	0x5
 476 01d8 1D       		.byte	0x1d
 477 01d9 00       		.byte	0
 478              		.section	.debug_abbrev,"",%progbits
 479              	.Ldebug_abbrev0:
 480 0000 01       		.uleb128 0x1
 481 0001 11       		.uleb128 0x11
 482 0002 01       		.byte	0x1
 483 0003 25       		.uleb128 0x25
 484 0004 0E       		.uleb128 0xe
 485 0005 13       		.uleb128 0x13
 486 0006 0B       		.uleb128 0xb
 487 0007 03       		.uleb128 0x3
 488 0008 0E       		.uleb128 0xe
 489 0009 1B       		.uleb128 0x1b
 490 000a 0E       		.uleb128 0xe
 491 000b 55       		.uleb128 0x55
 492 000c 17       		.uleb128 0x17
 493 000d 11       		.uleb128 0x11
 494 000e 01       		.uleb128 0x1
 495 000f 10       		.uleb128 0x10
 496 0010 17       		.uleb128 0x17
 497 0011 00       		.byte	0
 498 0012 00       		.byte	0
 499 0013 02       		.uleb128 0x2
 500 0014 24       		.uleb128 0x24
 501 0015 00       		.byte	0
 502 0016 0B       		.uleb128 0xb
 503 0017 0B       		.uleb128 0xb
 504 0018 3E       		.uleb128 0x3e
 505 0019 0B       		.uleb128 0xb
 506 001a 03       		.uleb128 0x3
 507 001b 0E       		.uleb128 0xe
 508 001c 00       		.byte	0
 509 001d 00       		.byte	0
 510 001e 03       		.uleb128 0x3
 511 001f 24       		.uleb128 0x24
 512 0020 00       		.byte	0
 513 0021 0B       		.uleb128 0xb
 514 0022 0B       		.uleb128 0xb
 515 0023 3E       		.uleb128 0x3e
 516 0024 0B       		.uleb128 0xb
 517 0025 03       		.uleb128 0x3
 518 0026 08       		.uleb128 0x8
 519 0027 00       		.byte	0
 520 0028 00       		.byte	0
 521 0029 04       		.uleb128 0x4
 522 002a 16       		.uleb128 0x16
 523 002b 00       		.byte	0
 524 002c 03       		.uleb128 0x3
 525 002d 0E       		.uleb128 0xe
 526 002e 3A       		.uleb128 0x3a
 527 002f 0B       		.uleb128 0xb
 528 0030 3B       		.uleb128 0x3b
 529 0031 05       		.uleb128 0x5
 530 0032 49       		.uleb128 0x49
ARM GAS  C:\Users\JamesN4\AppData\Local\Temp\cchIfgqY.s 			page 16


 531 0033 13       		.uleb128 0x13
 532 0034 00       		.byte	0
 533 0035 00       		.byte	0
 534 0036 05       		.uleb128 0x5
 535 0037 35       		.uleb128 0x35
 536 0038 00       		.byte	0
 537 0039 49       		.uleb128 0x49
 538 003a 13       		.uleb128 0x13
 539 003b 00       		.byte	0
 540 003c 00       		.byte	0
 541 003d 06       		.uleb128 0x6
 542 003e 2E       		.uleb128 0x2e
 543 003f 01       		.byte	0x1
 544 0040 3F       		.uleb128 0x3f
 545 0041 19       		.uleb128 0x19
 546 0042 03       		.uleb128 0x3
 547 0043 0E       		.uleb128 0xe
 548 0044 3A       		.uleb128 0x3a
 549 0045 0B       		.uleb128 0xb
 550 0046 3B       		.uleb128 0x3b
 551 0047 0B       		.uleb128 0xb
 552 0048 27       		.uleb128 0x27
 553 0049 19       		.uleb128 0x19
 554 004a 11       		.uleb128 0x11
 555 004b 01       		.uleb128 0x1
 556 004c 12       		.uleb128 0x12
 557 004d 06       		.uleb128 0x6
 558 004e 40       		.uleb128 0x40
 559 004f 18       		.uleb128 0x18
 560 0050 9742     		.uleb128 0x2117
 561 0052 19       		.uleb128 0x19
 562 0053 01       		.uleb128 0x1
 563 0054 13       		.uleb128 0x13
 564 0055 00       		.byte	0
 565 0056 00       		.byte	0
 566 0057 07       		.uleb128 0x7
 567 0058 898201   		.uleb128 0x4109
 568 005b 01       		.byte	0x1
 569 005c 11       		.uleb128 0x11
 570 005d 01       		.uleb128 0x1
 571 005e 31       		.uleb128 0x31
 572 005f 13       		.uleb128 0x13
 573 0060 01       		.uleb128 0x1
 574 0061 13       		.uleb128 0x13
 575 0062 00       		.byte	0
 576 0063 00       		.byte	0
 577 0064 08       		.uleb128 0x8
 578 0065 8A8201   		.uleb128 0x410a
 579 0068 00       		.byte	0
 580 0069 02       		.uleb128 0x2
 581 006a 18       		.uleb128 0x18
 582 006b 9142     		.uleb128 0x2111
 583 006d 18       		.uleb128 0x18
 584 006e 00       		.byte	0
 585 006f 00       		.byte	0
 586 0070 09       		.uleb128 0x9
 587 0071 898201   		.uleb128 0x4109
ARM GAS  C:\Users\JamesN4\AppData\Local\Temp\cchIfgqY.s 			page 17


 588 0074 01       		.byte	0x1
 589 0075 11       		.uleb128 0x11
 590 0076 01       		.uleb128 0x1
 591 0077 31       		.uleb128 0x31
 592 0078 13       		.uleb128 0x13
 593 0079 00       		.byte	0
 594 007a 00       		.byte	0
 595 007b 0A       		.uleb128 0xa
 596 007c 2E       		.uleb128 0x2e
 597 007d 00       		.byte	0
 598 007e 3F       		.uleb128 0x3f
 599 007f 19       		.uleb128 0x19
 600 0080 03       		.uleb128 0x3
 601 0081 0E       		.uleb128 0xe
 602 0082 3A       		.uleb128 0x3a
 603 0083 0B       		.uleb128 0xb
 604 0084 3B       		.uleb128 0x3b
 605 0085 05       		.uleb128 0x5
 606 0086 27       		.uleb128 0x27
 607 0087 19       		.uleb128 0x19
 608 0088 11       		.uleb128 0x11
 609 0089 01       		.uleb128 0x1
 610 008a 12       		.uleb128 0x12
 611 008b 06       		.uleb128 0x6
 612 008c 40       		.uleb128 0x40
 613 008d 18       		.uleb128 0x18
 614 008e 9742     		.uleb128 0x2117
 615 0090 19       		.uleb128 0x19
 616 0091 00       		.byte	0
 617 0092 00       		.byte	0
 618 0093 0B       		.uleb128 0xb
 619 0094 2E       		.uleb128 0x2e
 620 0095 01       		.byte	0x1
 621 0096 3F       		.uleb128 0x3f
 622 0097 19       		.uleb128 0x19
 623 0098 03       		.uleb128 0x3
 624 0099 0E       		.uleb128 0xe
 625 009a 3A       		.uleb128 0x3a
 626 009b 0B       		.uleb128 0xb
 627 009c 3B       		.uleb128 0x3b
 628 009d 05       		.uleb128 0x5
 629 009e 27       		.uleb128 0x27
 630 009f 19       		.uleb128 0x19
 631 00a0 11       		.uleb128 0x11
 632 00a1 01       		.uleb128 0x1
 633 00a2 12       		.uleb128 0x12
 634 00a3 06       		.uleb128 0x6
 635 00a4 40       		.uleb128 0x40
 636 00a5 18       		.uleb128 0x18
 637 00a6 9742     		.uleb128 0x2117
 638 00a8 19       		.uleb128 0x19
 639 00a9 01       		.uleb128 0x1
 640 00aa 13       		.uleb128 0x13
 641 00ab 00       		.byte	0
 642 00ac 00       		.byte	0
 643 00ad 0C       		.uleb128 0xc
 644 00ae 898201   		.uleb128 0x4109
ARM GAS  C:\Users\JamesN4\AppData\Local\Temp\cchIfgqY.s 			page 18


 645 00b1 00       		.byte	0
 646 00b2 11       		.uleb128 0x11
 647 00b3 01       		.uleb128 0x1
 648 00b4 31       		.uleb128 0x31
 649 00b5 13       		.uleb128 0x13
 650 00b6 00       		.byte	0
 651 00b7 00       		.byte	0
 652 00b8 0D       		.uleb128 0xd
 653 00b9 34       		.uleb128 0x34
 654 00ba 00       		.byte	0
 655 00bb 03       		.uleb128 0x3
 656 00bc 0E       		.uleb128 0xe
 657 00bd 3A       		.uleb128 0x3a
 658 00be 0B       		.uleb128 0xb
 659 00bf 3B       		.uleb128 0x3b
 660 00c0 0B       		.uleb128 0xb
 661 00c1 49       		.uleb128 0x49
 662 00c2 13       		.uleb128 0x13
 663 00c3 3F       		.uleb128 0x3f
 664 00c4 19       		.uleb128 0x19
 665 00c5 02       		.uleb128 0x2
 666 00c6 18       		.uleb128 0x18
 667 00c7 00       		.byte	0
 668 00c8 00       		.byte	0
 669 00c9 0E       		.uleb128 0xe
 670 00ca 34       		.uleb128 0x34
 671 00cb 00       		.byte	0
 672 00cc 03       		.uleb128 0x3
 673 00cd 0E       		.uleb128 0xe
 674 00ce 3A       		.uleb128 0x3a
 675 00cf 0B       		.uleb128 0xb
 676 00d0 3B       		.uleb128 0x3b
 677 00d1 0B       		.uleb128 0xb
 678 00d2 49       		.uleb128 0x49
 679 00d3 13       		.uleb128 0x13
 680 00d4 3F       		.uleb128 0x3f
 681 00d5 19       		.uleb128 0x19
 682 00d6 3C       		.uleb128 0x3c
 683 00d7 19       		.uleb128 0x19
 684 00d8 00       		.byte	0
 685 00d9 00       		.byte	0
 686 00da 0F       		.uleb128 0xf
 687 00db 2E       		.uleb128 0x2e
 688 00dc 00       		.byte	0
 689 00dd 3F       		.uleb128 0x3f
 690 00de 19       		.uleb128 0x19
 691 00df 3C       		.uleb128 0x3c
 692 00e0 19       		.uleb128 0x19
 693 00e1 6E       		.uleb128 0x6e
 694 00e2 0E       		.uleb128 0xe
 695 00e3 03       		.uleb128 0x3
 696 00e4 0E       		.uleb128 0xe
 697 00e5 3A       		.uleb128 0x3a
 698 00e6 0B       		.uleb128 0xb
 699 00e7 3B       		.uleb128 0x3b
 700 00e8 0B       		.uleb128 0xb
 701 00e9 00       		.byte	0
ARM GAS  C:\Users\JamesN4\AppData\Local\Temp\cchIfgqY.s 			page 19


 702 00ea 00       		.byte	0
 703 00eb 00       		.byte	0
 704              		.section	.debug_aranges,"",%progbits
 705 0000 34000000 		.4byte	0x34
 706 0004 0200     		.2byte	0x2
 707 0006 00000000 		.4byte	.Ldebug_info0
 708 000a 04       		.byte	0x4
 709 000b 00       		.byte	0
 710 000c 0000     		.2byte	0
 711 000e 0000     		.2byte	0
 712 0010 00000000 		.4byte	.LFB1
 713 0014 D0000000 		.4byte	.LFE1-.LFB1
 714 0018 00000000 		.4byte	.LFB2
 715 001c 0C000000 		.4byte	.LFE2-.LFB2
 716 0020 00000000 		.4byte	.LFB3
 717 0024 14000000 		.4byte	.LFE3-.LFB3
 718 0028 00000000 		.4byte	.LFB4
 719 002c 14000000 		.4byte	.LFE4-.LFB4
 720 0030 00000000 		.4byte	0
 721 0034 00000000 		.4byte	0
 722              		.section	.debug_ranges,"",%progbits
 723              	.Ldebug_ranges0:
 724 0000 00000000 		.4byte	.LFB1
 725 0004 D0000000 		.4byte	.LFE1
 726 0008 00000000 		.4byte	.LFB2
 727 000c 0C000000 		.4byte	.LFE2
 728 0010 00000000 		.4byte	.LFB3
 729 0014 14000000 		.4byte	.LFE3
 730 0018 00000000 		.4byte	.LFB4
 731 001c 14000000 		.4byte	.LFE4
 732 0020 00000000 		.4byte	0
 733 0024 00000000 		.4byte	0
 734              		.section	.debug_line,"",%progbits
 735              	.Ldebug_line0:
 736 0000 DA000000 		.section	.debug_str,"MS",%progbits,1
 736      02007000 
 736      00000201 
 736      FB0E0D00 
 736      01010101 
 737              	.LASF28:
 738 0000 4932435F 		.ascii	"I2C_SCBCLK_Stop\000"
 738      53434243 
 738      4C4B5F53 
 738      746F7000 
 739              	.LASF24:
 740 0010 4932435F 		.ascii	"I2C_slOverFlowCount\000"
 740      736C4F76 
 740      6572466C 
 740      6F77436F 
 740      756E7400 
 741              	.LASF14:
 742 0024 72656733 		.ascii	"reg32\000"
 742      3200
 743              	.LASF27:
 744 002a 4379496E 		.ascii	"CyIntSetVector\000"
 744      74536574 
 744      56656374 
ARM GAS  C:\Users\JamesN4\AppData\Local\Temp\cchIfgqY.s 			page 20


 744      6F7200
 745              	.LASF3:
 746 0039 73686F72 		.ascii	"short unsigned int\000"
 746      7420756E 
 746      7369676E 
 746      65642069 
 746      6E7400
 747              	.LASF32:
 748 004c 433A5C55 		.ascii	"C:\\Users\\JamesN4\\Documents\\PSoC Creator\\Hybrid"
 748      73657273 
 748      5C4A616D 
 748      65734E34 
 748      5C446F63 
 749 007a 456E636F 		.ascii	"EncoderCY8CKIT43\\firmware\\HybridEncoder.cydsn\000"
 749      64657243 
 749      5938434B 
 749      49543433 
 749      5C666972 
 750              	.LASF11:
 751 00a8 666C6F61 		.ascii	"float\000"
 751      7400
 752              	.LASF21:
 753 00ae 4932435F 		.ascii	"I2C_slStatus\000"
 753      736C5374 
 753      61747573 
 753      00
 754              	.LASF1:
 755 00bb 756E7369 		.ascii	"unsigned char\000"
 755      676E6564 
 755      20636861 
 755      7200
 756              	.LASF18:
 757 00c9 4932435F 		.ascii	"I2C_I2CSaveConfig\000"
 757      49324353 
 757      61766543 
 757      6F6E6669 
 757      6700
 758              	.LASF5:
 759 00db 6C6F6E67 		.ascii	"long unsigned int\000"
 759      20756E73 
 759      69676E65 
 759      6420696E 
 759      7400
 760              	.LASF9:
 761 00ed 75696E74 		.ascii	"uint8\000"
 761      3800
 762              	.LASF31:
 763 00f3 47656E65 		.ascii	"Generated_Source\\PSoC4\\I2C_I2C.c\000"
 763      72617465 
 763      645F536F 
 763      75726365 
 763      5C50536F 
 764              	.LASF12:
 765 0114 646F7562 		.ascii	"double\000"
 765      6C6500
 766              	.LASF17:
 767 011b 4932435F 		.ascii	"I2C_I2CInit\000"
ARM GAS  C:\Users\JamesN4\AppData\Local\Temp\cchIfgqY.s 			page 21


 767      49324349 
 767      6E697400 
 768              	.LASF22:
 769 0127 4932435F 		.ascii	"I2C_slWrBufIndex\000"
 769      736C5772 
 769      42756649 
 769      6E646578 
 769      00
 770              	.LASF2:
 771 0138 73686F72 		.ascii	"short int\000"
 771      7420696E 
 771      7400
 772              	.LASF29:
 773 0142 4932435F 		.ascii	"I2C_SCBCLK_StartEx\000"
 773      53434243 
 773      4C4B5F53 
 773      74617274 
 773      457800
 774              	.LASF10:
 775 0155 75696E74 		.ascii	"uint32\000"
 775      333200
 776              	.LASF8:
 777 015c 756E7369 		.ascii	"unsigned int\000"
 777      676E6564 
 777      20696E74 
 777      00
 778              	.LASF19:
 779 0169 4932435F 		.ascii	"I2C_I2CRestoreConfig\000"
 779      49324352 
 779      6573746F 
 779      7265436F 
 779      6E666967 
 780              	.LASF7:
 781 017e 6C6F6E67 		.ascii	"long long unsigned int\000"
 781      206C6F6E 
 781      6720756E 
 781      7369676E 
 781      65642069 
 782              	.LASF26:
 783 0195 4379496E 		.ascii	"CyIntSetPriority\000"
 783      74536574 
 783      5072696F 
 783      72697479 
 783      00
 784              	.LASF30:
 785 01a6 474E5520 		.ascii	"GNU C11 5.4.1 20160609 (release) [ARM/embedded-5-br"
 785      43313120 
 785      352E342E 
 785      31203230 
 785      31363036 
 786 01d9 616E6368 		.ascii	"anch revision 237715] -mcpu=cortex-m0 -mthumb -g -O"
 786      20726576 
 786      6973696F 
 786      6E203233 
 786      37373135 
 787 020c 67202D66 		.ascii	"g -ffunction-sections -ffat-lto-objects\000"
 787      66756E63 
ARM GAS  C:\Users\JamesN4\AppData\Local\Temp\cchIfgqY.s 			page 22


 787      74696F6E 
 787      2D736563 
 787      74696F6E 
 788              	.LASF16:
 789 0234 73697A65 		.ascii	"sizetype\000"
 789      74797065 
 789      00
 790              	.LASF6:
 791 023d 6C6F6E67 		.ascii	"long long int\000"
 791      206C6F6E 
 791      6720696E 
 791      7400
 792              	.LASF13:
 793 024b 63686172 		.ascii	"char\000"
 793      00
 794              	.LASF25:
 795 0250 4379496E 		.ascii	"CyIntDisable\000"
 795      74446973 
 795      61626C65 
 795      00
 796              	.LASF33:
 797 025d 4932435F 		.ascii	"I2C_I2CStop\000"
 797      49324353 
 797      746F7000 
 798              	.LASF23:
 799 0269 4932435F 		.ascii	"I2C_slRdBufIndex\000"
 799      736C5264 
 799      42756649 
 799      6E646578 
 799      00
 800              	.LASF20:
 801 027a 4932435F 		.ascii	"I2C_state\000"
 801      73746174 
 801      6500
 802              	.LASF4:
 803 0284 6C6F6E67 		.ascii	"long int\000"
 803      20696E74 
 803      00
 804              	.LASF15:
 805 028d 6C6F6E67 		.ascii	"long double\000"
 805      20646F75 
 805      626C6500 
 806              	.LASF0:
 807 0299 7369676E 		.ascii	"signed char\000"
 807      65642063 
 807      68617200 
 808              		.ident	"GCC: (GNU Tools for ARM Embedded Processors) 5.4.1 20160609 (release) [ARM/embedded-5-bran
