ARM GAS  C:\Users\JamesN4\AppData\Local\Temp\ccn2Lm1u.s 			page 1


   1              		.syntax unified
   2              		.cpu cortex-m0
   3              		.fpu softvfp
   4              		.eabi_attribute 20, 1
   5              		.eabi_attribute 21, 1
   6              		.eabi_attribute 23, 3
   7              		.eabi_attribute 24, 1
   8              		.eabi_attribute 25, 1
   9              		.eabi_attribute 26, 1
  10              		.eabi_attribute 30, 1
  11              		.eabi_attribute 34, 0
  12              		.eabi_attribute 18, 4
  13              		.thumb
  14              		.syntax unified
  15              		.file	"I2C_PM.c"
  16              		.text
  17              	.Ltext0:
  18              		.cfi_sections	.debug_frame
  19              		.section	.text.I2C_Sleep,"ax",%progbits
  20              		.align	2
  21              		.global	I2C_Sleep
  22              		.code	16
  23              		.thumb_func
  24              		.type	I2C_Sleep, %function
  25              	I2C_Sleep:
  26              	.LFB1:
  27              		.file 1 "Generated_Source\\PSoC4\\I2C_PM.c"
   1:Generated_Source\PSoC4/I2C_PM.c **** /***************************************************************************//**
   2:Generated_Source\PSoC4/I2C_PM.c **** * \file I2C_PM.c
   3:Generated_Source\PSoC4/I2C_PM.c **** * \version 3.20
   4:Generated_Source\PSoC4/I2C_PM.c **** *
   5:Generated_Source\PSoC4/I2C_PM.c **** * \brief
   6:Generated_Source\PSoC4/I2C_PM.c **** *  This file provides the source code to the Power Management support for
   7:Generated_Source\PSoC4/I2C_PM.c **** *  the SCB Component.
   8:Generated_Source\PSoC4/I2C_PM.c **** *
   9:Generated_Source\PSoC4/I2C_PM.c **** * Note:
  10:Generated_Source\PSoC4/I2C_PM.c **** *
  11:Generated_Source\PSoC4/I2C_PM.c **** ********************************************************************************
  12:Generated_Source\PSoC4/I2C_PM.c **** * \copyright
  13:Generated_Source\PSoC4/I2C_PM.c **** * Copyright 2013-2016, Cypress Semiconductor Corporation.  All rights reserved.
  14:Generated_Source\PSoC4/I2C_PM.c **** * You may use this file only in accordance with the license, terms, conditions,
  15:Generated_Source\PSoC4/I2C_PM.c **** * disclaimers, and limitations in the end user license agreement accompanying
  16:Generated_Source\PSoC4/I2C_PM.c **** * the software package with which this file was provided.
  17:Generated_Source\PSoC4/I2C_PM.c **** *******************************************************************************/
  18:Generated_Source\PSoC4/I2C_PM.c **** 
  19:Generated_Source\PSoC4/I2C_PM.c **** #include "I2C.h"
  20:Generated_Source\PSoC4/I2C_PM.c **** #include "I2C_PVT.h"
  21:Generated_Source\PSoC4/I2C_PM.c **** 
  22:Generated_Source\PSoC4/I2C_PM.c **** #if(I2C_SCB_MODE_I2C_INC)
  23:Generated_Source\PSoC4/I2C_PM.c ****     #include "I2C_I2C_PVT.h"
  24:Generated_Source\PSoC4/I2C_PM.c **** #endif /* (I2C_SCB_MODE_I2C_INC) */
  25:Generated_Source\PSoC4/I2C_PM.c **** 
  26:Generated_Source\PSoC4/I2C_PM.c **** #if(I2C_SCB_MODE_EZI2C_INC)
  27:Generated_Source\PSoC4/I2C_PM.c ****     #include "I2C_EZI2C_PVT.h"
  28:Generated_Source\PSoC4/I2C_PM.c **** #endif /* (I2C_SCB_MODE_EZI2C_INC) */
  29:Generated_Source\PSoC4/I2C_PM.c **** 
  30:Generated_Source\PSoC4/I2C_PM.c **** #if(I2C_SCB_MODE_SPI_INC || I2C_SCB_MODE_UART_INC)
ARM GAS  C:\Users\JamesN4\AppData\Local\Temp\ccn2Lm1u.s 			page 2


  31:Generated_Source\PSoC4/I2C_PM.c ****     #include "I2C_SPI_UART_PVT.h"
  32:Generated_Source\PSoC4/I2C_PM.c **** #endif /* (I2C_SCB_MODE_SPI_INC || I2C_SCB_MODE_UART_INC) */
  33:Generated_Source\PSoC4/I2C_PM.c **** 
  34:Generated_Source\PSoC4/I2C_PM.c **** 
  35:Generated_Source\PSoC4/I2C_PM.c **** /***************************************
  36:Generated_Source\PSoC4/I2C_PM.c **** *   Backup Structure declaration
  37:Generated_Source\PSoC4/I2C_PM.c **** ***************************************/
  38:Generated_Source\PSoC4/I2C_PM.c **** 
  39:Generated_Source\PSoC4/I2C_PM.c **** #if(I2C_SCB_MODE_UNCONFIG_CONST_CFG || \
  40:Generated_Source\PSoC4/I2C_PM.c ****    (I2C_SCB_MODE_I2C_CONST_CFG   && (!I2C_I2C_WAKE_ENABLE_CONST))   || \
  41:Generated_Source\PSoC4/I2C_PM.c ****    (I2C_SCB_MODE_EZI2C_CONST_CFG && (!I2C_EZI2C_WAKE_ENABLE_CONST)) || \
  42:Generated_Source\PSoC4/I2C_PM.c ****    (I2C_SCB_MODE_SPI_CONST_CFG   && (!I2C_SPI_WAKE_ENABLE_CONST))   || \
  43:Generated_Source\PSoC4/I2C_PM.c ****    (I2C_SCB_MODE_UART_CONST_CFG  && (!I2C_UART_WAKE_ENABLE_CONST)))
  44:Generated_Source\PSoC4/I2C_PM.c **** 
  45:Generated_Source\PSoC4/I2C_PM.c ****     I2C_BACKUP_STRUCT I2C_backup =
  46:Generated_Source\PSoC4/I2C_PM.c ****     {
  47:Generated_Source\PSoC4/I2C_PM.c ****         0u, /* enableState */
  48:Generated_Source\PSoC4/I2C_PM.c ****     };
  49:Generated_Source\PSoC4/I2C_PM.c **** #endif
  50:Generated_Source\PSoC4/I2C_PM.c **** 
  51:Generated_Source\PSoC4/I2C_PM.c **** 
  52:Generated_Source\PSoC4/I2C_PM.c **** /*******************************************************************************
  53:Generated_Source\PSoC4/I2C_PM.c **** * Function Name: I2C_Sleep
  54:Generated_Source\PSoC4/I2C_PM.c **** ****************************************************************************//**
  55:Generated_Source\PSoC4/I2C_PM.c **** *
  56:Generated_Source\PSoC4/I2C_PM.c **** *  Prepares the I2C component to enter Deep Sleep.
  57:Generated_Source\PSoC4/I2C_PM.c **** *  The “Enable wakeup from Deep Sleep Mode” selection has an influence on this 
  58:Generated_Source\PSoC4/I2C_PM.c **** *  function implementation:
  59:Generated_Source\PSoC4/I2C_PM.c **** *  - Checked: configures the component to be wakeup source from Deep Sleep.
  60:Generated_Source\PSoC4/I2C_PM.c **** *  - Unchecked: stores the current component state (enabled or disabled) and 
  61:Generated_Source\PSoC4/I2C_PM.c **** *    disables the component. See SCB_Stop() function for details about component 
  62:Generated_Source\PSoC4/I2C_PM.c **** *    disabling.
  63:Generated_Source\PSoC4/I2C_PM.c **** *
  64:Generated_Source\PSoC4/I2C_PM.c **** *  Call the I2C_Sleep() function before calling the 
  65:Generated_Source\PSoC4/I2C_PM.c **** *  CyPmSysDeepSleep() function. 
  66:Generated_Source\PSoC4/I2C_PM.c **** *  Refer to the PSoC Creator System Reference Guide for more information about 
  67:Generated_Source\PSoC4/I2C_PM.c **** *  power management functions and Low power section of this document for the 
  68:Generated_Source\PSoC4/I2C_PM.c **** *  selected mode.
  69:Generated_Source\PSoC4/I2C_PM.c **** *
  70:Generated_Source\PSoC4/I2C_PM.c **** *  This function should not be called before entering Sleep.
  71:Generated_Source\PSoC4/I2C_PM.c **** *
  72:Generated_Source\PSoC4/I2C_PM.c **** *******************************************************************************/
  73:Generated_Source\PSoC4/I2C_PM.c **** void I2C_Sleep(void)
  74:Generated_Source\PSoC4/I2C_PM.c **** {
  28              		.loc 1 74 0
  29              		.cfi_startproc
  30              		@ args = 0, pretend = 0, frame = 0
  31              		@ frame_needed = 0, uses_anonymous_args = 0
  32 0000 10B5     		push	{r4, lr}
  33              		.cfi_def_cfa_offset 8
  34              		.cfi_offset 4, -8
  35              		.cfi_offset 14, -4
  75:Generated_Source\PSoC4/I2C_PM.c **** #if(I2C_SCB_MODE_UNCONFIG_CONST_CFG)
  76:Generated_Source\PSoC4/I2C_PM.c **** 
  77:Generated_Source\PSoC4/I2C_PM.c ****     if(I2C_SCB_WAKE_ENABLE_CHECK)
  78:Generated_Source\PSoC4/I2C_PM.c ****     {
  79:Generated_Source\PSoC4/I2C_PM.c ****         if(I2C_SCB_MODE_I2C_RUNTM_CFG)
ARM GAS  C:\Users\JamesN4\AppData\Local\Temp\ccn2Lm1u.s 			page 3


  80:Generated_Source\PSoC4/I2C_PM.c ****         {
  81:Generated_Source\PSoC4/I2C_PM.c ****             I2C_I2CSaveConfig();
  82:Generated_Source\PSoC4/I2C_PM.c ****         }
  83:Generated_Source\PSoC4/I2C_PM.c ****         else if(I2C_SCB_MODE_EZI2C_RUNTM_CFG)
  84:Generated_Source\PSoC4/I2C_PM.c ****         {
  85:Generated_Source\PSoC4/I2C_PM.c ****             I2C_EzI2CSaveConfig();
  86:Generated_Source\PSoC4/I2C_PM.c ****         }
  87:Generated_Source\PSoC4/I2C_PM.c ****     #if(!I2C_CY_SCBIP_V1)
  88:Generated_Source\PSoC4/I2C_PM.c ****         else if(I2C_SCB_MODE_SPI_RUNTM_CFG)
  89:Generated_Source\PSoC4/I2C_PM.c ****         {
  90:Generated_Source\PSoC4/I2C_PM.c ****             I2C_SpiSaveConfig();
  91:Generated_Source\PSoC4/I2C_PM.c ****         }
  92:Generated_Source\PSoC4/I2C_PM.c ****         else if(I2C_SCB_MODE_UART_RUNTM_CFG)
  93:Generated_Source\PSoC4/I2C_PM.c ****         {
  94:Generated_Source\PSoC4/I2C_PM.c ****             I2C_UartSaveConfig();
  95:Generated_Source\PSoC4/I2C_PM.c ****         }
  96:Generated_Source\PSoC4/I2C_PM.c ****     #endif /* (!I2C_CY_SCBIP_V1) */
  97:Generated_Source\PSoC4/I2C_PM.c ****         else
  98:Generated_Source\PSoC4/I2C_PM.c ****         {
  99:Generated_Source\PSoC4/I2C_PM.c ****             /* Unknown mode */
 100:Generated_Source\PSoC4/I2C_PM.c ****         }
 101:Generated_Source\PSoC4/I2C_PM.c ****     }
 102:Generated_Source\PSoC4/I2C_PM.c ****     else
 103:Generated_Source\PSoC4/I2C_PM.c ****     {
 104:Generated_Source\PSoC4/I2C_PM.c ****         I2C_backup.enableState = (uint8) I2C_GET_CTRL_ENABLED;
 105:Generated_Source\PSoC4/I2C_PM.c **** 
 106:Generated_Source\PSoC4/I2C_PM.c ****         if(0u != I2C_backup.enableState)
 107:Generated_Source\PSoC4/I2C_PM.c ****         {
 108:Generated_Source\PSoC4/I2C_PM.c ****             I2C_Stop();
 109:Generated_Source\PSoC4/I2C_PM.c ****         }
 110:Generated_Source\PSoC4/I2C_PM.c ****     }
 111:Generated_Source\PSoC4/I2C_PM.c **** 
 112:Generated_Source\PSoC4/I2C_PM.c **** #else
 113:Generated_Source\PSoC4/I2C_PM.c **** 
 114:Generated_Source\PSoC4/I2C_PM.c ****     #if (I2C_SCB_MODE_I2C_CONST_CFG && I2C_I2C_WAKE_ENABLE_CONST)
 115:Generated_Source\PSoC4/I2C_PM.c ****         I2C_I2CSaveConfig();
  36              		.loc 1 115 0
  37 0002 FFF7FEFF 		bl	I2C_I2CSaveConfig
  38              	.LVL0:
 116:Generated_Source\PSoC4/I2C_PM.c **** 
 117:Generated_Source\PSoC4/I2C_PM.c ****     #elif (I2C_SCB_MODE_EZI2C_CONST_CFG && I2C_EZI2C_WAKE_ENABLE_CONST)
 118:Generated_Source\PSoC4/I2C_PM.c ****         I2C_EzI2CSaveConfig();
 119:Generated_Source\PSoC4/I2C_PM.c **** 
 120:Generated_Source\PSoC4/I2C_PM.c ****     #elif (I2C_SCB_MODE_SPI_CONST_CFG && I2C_SPI_WAKE_ENABLE_CONST)
 121:Generated_Source\PSoC4/I2C_PM.c ****         I2C_SpiSaveConfig();
 122:Generated_Source\PSoC4/I2C_PM.c **** 
 123:Generated_Source\PSoC4/I2C_PM.c ****     #elif (I2C_SCB_MODE_UART_CONST_CFG && I2C_UART_WAKE_ENABLE_CONST)
 124:Generated_Source\PSoC4/I2C_PM.c ****         I2C_UartSaveConfig();
 125:Generated_Source\PSoC4/I2C_PM.c **** 
 126:Generated_Source\PSoC4/I2C_PM.c ****     #else
 127:Generated_Source\PSoC4/I2C_PM.c **** 
 128:Generated_Source\PSoC4/I2C_PM.c ****         I2C_backup.enableState = (uint8) I2C_GET_CTRL_ENABLED;
 129:Generated_Source\PSoC4/I2C_PM.c **** 
 130:Generated_Source\PSoC4/I2C_PM.c ****         if(0u != I2C_backup.enableState)
 131:Generated_Source\PSoC4/I2C_PM.c ****         {
 132:Generated_Source\PSoC4/I2C_PM.c ****             I2C_Stop();
 133:Generated_Source\PSoC4/I2C_PM.c ****         }
ARM GAS  C:\Users\JamesN4\AppData\Local\Temp\ccn2Lm1u.s 			page 4


 134:Generated_Source\PSoC4/I2C_PM.c **** 
 135:Generated_Source\PSoC4/I2C_PM.c ****     #endif /* defined (I2C_SCB_MODE_I2C_CONST_CFG) && (I2C_I2C_WAKE_ENABLE_CONST) */
 136:Generated_Source\PSoC4/I2C_PM.c **** 
 137:Generated_Source\PSoC4/I2C_PM.c **** #endif /* (I2C_SCB_MODE_UNCONFIG_CONST_CFG) */
 138:Generated_Source\PSoC4/I2C_PM.c **** }
  39              		.loc 1 138 0
  40              		@ sp needed
  41 0006 10BD     		pop	{r4, pc}
  42              		.cfi_endproc
  43              	.LFE1:
  44              		.size	I2C_Sleep, .-I2C_Sleep
  45              		.section	.text.I2C_Wakeup,"ax",%progbits
  46              		.align	2
  47              		.global	I2C_Wakeup
  48              		.code	16
  49              		.thumb_func
  50              		.type	I2C_Wakeup, %function
  51              	I2C_Wakeup:
  52              	.LFB2:
 139:Generated_Source\PSoC4/I2C_PM.c **** 
 140:Generated_Source\PSoC4/I2C_PM.c **** 
 141:Generated_Source\PSoC4/I2C_PM.c **** /*******************************************************************************
 142:Generated_Source\PSoC4/I2C_PM.c **** * Function Name: I2C_Wakeup
 143:Generated_Source\PSoC4/I2C_PM.c **** ****************************************************************************//**
 144:Generated_Source\PSoC4/I2C_PM.c **** *
 145:Generated_Source\PSoC4/I2C_PM.c **** *  Prepares the I2C component for Active mode operation after 
 146:Generated_Source\PSoC4/I2C_PM.c **** *  Deep Sleep.
 147:Generated_Source\PSoC4/I2C_PM.c **** *  The “Enable wakeup from Deep Sleep Mode” selection has influence on this 
 148:Generated_Source\PSoC4/I2C_PM.c **** *  function implementation:
 149:Generated_Source\PSoC4/I2C_PM.c **** *  - Checked: restores the component Active mode configuration.
 150:Generated_Source\PSoC4/I2C_PM.c **** *  - Unchecked: enables the component if it was enabled before enter Deep Sleep.
 151:Generated_Source\PSoC4/I2C_PM.c **** *
 152:Generated_Source\PSoC4/I2C_PM.c **** *  This function should not be called after exiting Sleep.
 153:Generated_Source\PSoC4/I2C_PM.c **** *
 154:Generated_Source\PSoC4/I2C_PM.c **** *  \sideeffect
 155:Generated_Source\PSoC4/I2C_PM.c **** *   Calling the I2C_Wakeup() function without first calling the 
 156:Generated_Source\PSoC4/I2C_PM.c **** *   I2C_Sleep() function may produce unexpected behavior.
 157:Generated_Source\PSoC4/I2C_PM.c **** *
 158:Generated_Source\PSoC4/I2C_PM.c **** *******************************************************************************/
 159:Generated_Source\PSoC4/I2C_PM.c **** void I2C_Wakeup(void)
 160:Generated_Source\PSoC4/I2C_PM.c **** {
  53              		.loc 1 160 0
  54              		.cfi_startproc
  55              		@ args = 0, pretend = 0, frame = 0
  56              		@ frame_needed = 0, uses_anonymous_args = 0
  57 0000 10B5     		push	{r4, lr}
  58              		.cfi_def_cfa_offset 8
  59              		.cfi_offset 4, -8
  60              		.cfi_offset 14, -4
 161:Generated_Source\PSoC4/I2C_PM.c **** #if(I2C_SCB_MODE_UNCONFIG_CONST_CFG)
 162:Generated_Source\PSoC4/I2C_PM.c **** 
 163:Generated_Source\PSoC4/I2C_PM.c ****     if(I2C_SCB_WAKE_ENABLE_CHECK)
 164:Generated_Source\PSoC4/I2C_PM.c ****     {
 165:Generated_Source\PSoC4/I2C_PM.c ****         if(I2C_SCB_MODE_I2C_RUNTM_CFG)
 166:Generated_Source\PSoC4/I2C_PM.c ****         {
 167:Generated_Source\PSoC4/I2C_PM.c ****             I2C_I2CRestoreConfig();
 168:Generated_Source\PSoC4/I2C_PM.c ****         }
ARM GAS  C:\Users\JamesN4\AppData\Local\Temp\ccn2Lm1u.s 			page 5


 169:Generated_Source\PSoC4/I2C_PM.c ****         else if(I2C_SCB_MODE_EZI2C_RUNTM_CFG)
 170:Generated_Source\PSoC4/I2C_PM.c ****         {
 171:Generated_Source\PSoC4/I2C_PM.c ****             I2C_EzI2CRestoreConfig();
 172:Generated_Source\PSoC4/I2C_PM.c ****         }
 173:Generated_Source\PSoC4/I2C_PM.c ****     #if(!I2C_CY_SCBIP_V1)
 174:Generated_Source\PSoC4/I2C_PM.c ****         else if(I2C_SCB_MODE_SPI_RUNTM_CFG)
 175:Generated_Source\PSoC4/I2C_PM.c ****         {
 176:Generated_Source\PSoC4/I2C_PM.c ****             I2C_SpiRestoreConfig();
 177:Generated_Source\PSoC4/I2C_PM.c ****         }
 178:Generated_Source\PSoC4/I2C_PM.c ****         else if(I2C_SCB_MODE_UART_RUNTM_CFG)
 179:Generated_Source\PSoC4/I2C_PM.c ****         {
 180:Generated_Source\PSoC4/I2C_PM.c ****             I2C_UartRestoreConfig();
 181:Generated_Source\PSoC4/I2C_PM.c ****         }
 182:Generated_Source\PSoC4/I2C_PM.c ****     #endif /* (!I2C_CY_SCBIP_V1) */
 183:Generated_Source\PSoC4/I2C_PM.c ****         else
 184:Generated_Source\PSoC4/I2C_PM.c ****         {
 185:Generated_Source\PSoC4/I2C_PM.c ****             /* Unknown mode */
 186:Generated_Source\PSoC4/I2C_PM.c ****         }
 187:Generated_Source\PSoC4/I2C_PM.c ****     }
 188:Generated_Source\PSoC4/I2C_PM.c ****     else
 189:Generated_Source\PSoC4/I2C_PM.c ****     {
 190:Generated_Source\PSoC4/I2C_PM.c ****         if(0u != I2C_backup.enableState)
 191:Generated_Source\PSoC4/I2C_PM.c ****         {
 192:Generated_Source\PSoC4/I2C_PM.c ****             I2C_Enable();
 193:Generated_Source\PSoC4/I2C_PM.c ****         }
 194:Generated_Source\PSoC4/I2C_PM.c ****     }
 195:Generated_Source\PSoC4/I2C_PM.c **** 
 196:Generated_Source\PSoC4/I2C_PM.c **** #else
 197:Generated_Source\PSoC4/I2C_PM.c **** 
 198:Generated_Source\PSoC4/I2C_PM.c ****     #if (I2C_SCB_MODE_I2C_CONST_CFG  && I2C_I2C_WAKE_ENABLE_CONST)
 199:Generated_Source\PSoC4/I2C_PM.c ****         I2C_I2CRestoreConfig();
  61              		.loc 1 199 0
  62 0002 FFF7FEFF 		bl	I2C_I2CRestoreConfig
  63              	.LVL1:
 200:Generated_Source\PSoC4/I2C_PM.c **** 
 201:Generated_Source\PSoC4/I2C_PM.c ****     #elif (I2C_SCB_MODE_EZI2C_CONST_CFG && I2C_EZI2C_WAKE_ENABLE_CONST)
 202:Generated_Source\PSoC4/I2C_PM.c ****         I2C_EzI2CRestoreConfig();
 203:Generated_Source\PSoC4/I2C_PM.c **** 
 204:Generated_Source\PSoC4/I2C_PM.c ****     #elif (I2C_SCB_MODE_SPI_CONST_CFG && I2C_SPI_WAKE_ENABLE_CONST)
 205:Generated_Source\PSoC4/I2C_PM.c ****         I2C_SpiRestoreConfig();
 206:Generated_Source\PSoC4/I2C_PM.c **** 
 207:Generated_Source\PSoC4/I2C_PM.c ****     #elif (I2C_SCB_MODE_UART_CONST_CFG && I2C_UART_WAKE_ENABLE_CONST)
 208:Generated_Source\PSoC4/I2C_PM.c ****         I2C_UartRestoreConfig();
 209:Generated_Source\PSoC4/I2C_PM.c **** 
 210:Generated_Source\PSoC4/I2C_PM.c ****     #else
 211:Generated_Source\PSoC4/I2C_PM.c **** 
 212:Generated_Source\PSoC4/I2C_PM.c ****         if(0u != I2C_backup.enableState)
 213:Generated_Source\PSoC4/I2C_PM.c ****         {
 214:Generated_Source\PSoC4/I2C_PM.c ****             I2C_Enable();
 215:Generated_Source\PSoC4/I2C_PM.c ****         }
 216:Generated_Source\PSoC4/I2C_PM.c **** 
 217:Generated_Source\PSoC4/I2C_PM.c ****     #endif /* (I2C_I2C_WAKE_ENABLE_CONST) */
 218:Generated_Source\PSoC4/I2C_PM.c **** 
 219:Generated_Source\PSoC4/I2C_PM.c **** #endif /* (I2C_SCB_MODE_UNCONFIG_CONST_CFG) */
 220:Generated_Source\PSoC4/I2C_PM.c **** }
  64              		.loc 1 220 0
  65              		@ sp needed
ARM GAS  C:\Users\JamesN4\AppData\Local\Temp\ccn2Lm1u.s 			page 6


  66 0006 10BD     		pop	{r4, pc}
  67              		.cfi_endproc
  68              	.LFE2:
  69              		.size	I2C_Wakeup, .-I2C_Wakeup
  70              		.text
  71              	.Letext0:
  72              		.file 2 "Generated_Source\\PSoC4\\I2C_I2C_PVT.h"
  73              		.section	.debug_info,"",%progbits
  74              	.Ldebug_info0:
  75 0000 DF000000 		.4byte	0xdf
  76 0004 0400     		.2byte	0x4
  77 0006 00000000 		.4byte	.Ldebug_abbrev0
  78 000a 04       		.byte	0x4
  79 000b 01       		.uleb128 0x1
  80 000c BF000000 		.4byte	.LASF18
  81 0010 0C       		.byte	0xc
  82 0011 3B000000 		.4byte	.LASF19
  83 0015 6C010000 		.4byte	.LASF20
  84 0019 00000000 		.4byte	.Ldebug_ranges0+0
  85 001d 00000000 		.4byte	0
  86 0021 00000000 		.4byte	.Ldebug_line0
  87 0025 02       		.uleb128 0x2
  88 0026 01       		.byte	0x1
  89 0027 06       		.byte	0x6
  90 0028 60010000 		.4byte	.LASF0
  91 002c 02       		.uleb128 0x2
  92 002d 01       		.byte	0x1
  93 002e 08       		.byte	0x8
  94 002f 8A000000 		.4byte	.LASF1
  95 0033 02       		.uleb128 0x2
  96 0034 02       		.byte	0x2
  97 0035 05       		.byte	0x5
  98 0036 CB010000 		.4byte	.LASF2
  99 003a 02       		.uleb128 0x2
 100 003b 02       		.byte	0x2
 101 003c 07       		.byte	0x7
 102 003d 4D010000 		.4byte	.LASF3
 103 0041 02       		.uleb128 0x2
 104 0042 04       		.byte	0x4
 105 0043 05       		.byte	0x5
 106 0044 AF000000 		.4byte	.LASF4
 107 0048 02       		.uleb128 0x2
 108 0049 04       		.byte	0x4
 109 004a 07       		.byte	0x7
 110 004b 5B000000 		.4byte	.LASF5
 111 004f 02       		.uleb128 0x2
 112 0050 08       		.byte	0x8
 113 0051 05       		.byte	0x5
 114 0052 00000000 		.4byte	.LASF6
 115 0056 02       		.uleb128 0x2
 116 0057 08       		.byte	0x8
 117 0058 07       		.byte	0x7
 118 0059 6D000000 		.4byte	.LASF7
 119 005d 03       		.uleb128 0x3
 120 005e 04       		.byte	0x4
 121 005f 05       		.byte	0x5
 122 0060 696E7400 		.ascii	"int\000"
ARM GAS  C:\Users\JamesN4\AppData\Local\Temp\ccn2Lm1u.s 			page 7


 123 0064 02       		.uleb128 0x2
 124 0065 04       		.byte	0x4
 125 0066 07       		.byte	0x7
 126 0067 0E000000 		.4byte	.LASF8
 127 006b 02       		.uleb128 0x2
 128 006c 04       		.byte	0x4
 129 006d 04       		.byte	0x4
 130 006e 84000000 		.4byte	.LASF9
 131 0072 02       		.uleb128 0x2
 132 0073 08       		.byte	0x8
 133 0074 04       		.byte	0x4
 134 0075 B8000000 		.4byte	.LASF10
 135 0079 02       		.uleb128 0x2
 136 007a 01       		.byte	0x1
 137 007b 08       		.byte	0x8
 138 007c AA000000 		.4byte	.LASF11
 139 0080 02       		.uleb128 0x2
 140 0081 08       		.byte	0x8
 141 0082 04       		.byte	0x4
 142 0083 BF010000 		.4byte	.LASF12
 143 0087 02       		.uleb128 0x2
 144 0088 04       		.byte	0x4
 145 0089 07       		.byte	0x7
 146 008a DF010000 		.4byte	.LASF13
 147 008e 04       		.uleb128 0x4
 148 008f D5010000 		.4byte	.LASF14
 149 0093 01       		.byte	0x1
 150 0094 49       		.byte	0x49
 151 0095 00000000 		.4byte	.LFB1
 152 0099 08000000 		.4byte	.LFE1-.LFB1
 153 009d 01       		.uleb128 0x1
 154 009e 9C       		.byte	0x9c
 155 009f AD000000 		.4byte	0xad
 156 00a3 05       		.uleb128 0x5
 157 00a4 06000000 		.4byte	.LVL0
 158 00a8 CC000000 		.4byte	0xcc
 159 00ac 00       		.byte	0
 160 00ad 04       		.uleb128 0x4
 161 00ae 30000000 		.4byte	.LASF15
 162 00b2 01       		.byte	0x1
 163 00b3 9F       		.byte	0x9f
 164 00b4 00000000 		.4byte	.LFB2
 165 00b8 08000000 		.4byte	.LFE2-.LFB2
 166 00bc 01       		.uleb128 0x1
 167 00bd 9C       		.byte	0x9c
 168 00be CC000000 		.4byte	0xcc
 169 00c2 05       		.uleb128 0x5
 170 00c3 06000000 		.4byte	.LVL1
 171 00c7 D7000000 		.4byte	0xd7
 172 00cb 00       		.byte	0
 173 00cc 06       		.uleb128 0x6
 174 00cd 98000000 		.4byte	.LASF16
 175 00d1 98000000 		.4byte	.LASF16
 176 00d5 02       		.byte	0x2
 177 00d6 4D       		.byte	0x4d
 178 00d7 06       		.uleb128 0x6
 179 00d8 1B000000 		.4byte	.LASF17
ARM GAS  C:\Users\JamesN4\AppData\Local\Temp\ccn2Lm1u.s 			page 8


 180 00dc 1B000000 		.4byte	.LASF17
 181 00e0 02       		.byte	0x2
 182 00e1 4E       		.byte	0x4e
 183 00e2 00       		.byte	0
 184              		.section	.debug_abbrev,"",%progbits
 185              	.Ldebug_abbrev0:
 186 0000 01       		.uleb128 0x1
 187 0001 11       		.uleb128 0x11
 188 0002 01       		.byte	0x1
 189 0003 25       		.uleb128 0x25
 190 0004 0E       		.uleb128 0xe
 191 0005 13       		.uleb128 0x13
 192 0006 0B       		.uleb128 0xb
 193 0007 03       		.uleb128 0x3
 194 0008 0E       		.uleb128 0xe
 195 0009 1B       		.uleb128 0x1b
 196 000a 0E       		.uleb128 0xe
 197 000b 55       		.uleb128 0x55
 198 000c 17       		.uleb128 0x17
 199 000d 11       		.uleb128 0x11
 200 000e 01       		.uleb128 0x1
 201 000f 10       		.uleb128 0x10
 202 0010 17       		.uleb128 0x17
 203 0011 00       		.byte	0
 204 0012 00       		.byte	0
 205 0013 02       		.uleb128 0x2
 206 0014 24       		.uleb128 0x24
 207 0015 00       		.byte	0
 208 0016 0B       		.uleb128 0xb
 209 0017 0B       		.uleb128 0xb
 210 0018 3E       		.uleb128 0x3e
 211 0019 0B       		.uleb128 0xb
 212 001a 03       		.uleb128 0x3
 213 001b 0E       		.uleb128 0xe
 214 001c 00       		.byte	0
 215 001d 00       		.byte	0
 216 001e 03       		.uleb128 0x3
 217 001f 24       		.uleb128 0x24
 218 0020 00       		.byte	0
 219 0021 0B       		.uleb128 0xb
 220 0022 0B       		.uleb128 0xb
 221 0023 3E       		.uleb128 0x3e
 222 0024 0B       		.uleb128 0xb
 223 0025 03       		.uleb128 0x3
 224 0026 08       		.uleb128 0x8
 225 0027 00       		.byte	0
 226 0028 00       		.byte	0
 227 0029 04       		.uleb128 0x4
 228 002a 2E       		.uleb128 0x2e
 229 002b 01       		.byte	0x1
 230 002c 3F       		.uleb128 0x3f
 231 002d 19       		.uleb128 0x19
 232 002e 03       		.uleb128 0x3
 233 002f 0E       		.uleb128 0xe
 234 0030 3A       		.uleb128 0x3a
 235 0031 0B       		.uleb128 0xb
 236 0032 3B       		.uleb128 0x3b
ARM GAS  C:\Users\JamesN4\AppData\Local\Temp\ccn2Lm1u.s 			page 9


 237 0033 0B       		.uleb128 0xb
 238 0034 27       		.uleb128 0x27
 239 0035 19       		.uleb128 0x19
 240 0036 11       		.uleb128 0x11
 241 0037 01       		.uleb128 0x1
 242 0038 12       		.uleb128 0x12
 243 0039 06       		.uleb128 0x6
 244 003a 40       		.uleb128 0x40
 245 003b 18       		.uleb128 0x18
 246 003c 9742     		.uleb128 0x2117
 247 003e 19       		.uleb128 0x19
 248 003f 01       		.uleb128 0x1
 249 0040 13       		.uleb128 0x13
 250 0041 00       		.byte	0
 251 0042 00       		.byte	0
 252 0043 05       		.uleb128 0x5
 253 0044 898201   		.uleb128 0x4109
 254 0047 00       		.byte	0
 255 0048 11       		.uleb128 0x11
 256 0049 01       		.uleb128 0x1
 257 004a 31       		.uleb128 0x31
 258 004b 13       		.uleb128 0x13
 259 004c 00       		.byte	0
 260 004d 00       		.byte	0
 261 004e 06       		.uleb128 0x6
 262 004f 2E       		.uleb128 0x2e
 263 0050 00       		.byte	0
 264 0051 3F       		.uleb128 0x3f
 265 0052 19       		.uleb128 0x19
 266 0053 3C       		.uleb128 0x3c
 267 0054 19       		.uleb128 0x19
 268 0055 6E       		.uleb128 0x6e
 269 0056 0E       		.uleb128 0xe
 270 0057 03       		.uleb128 0x3
 271 0058 0E       		.uleb128 0xe
 272 0059 3A       		.uleb128 0x3a
 273 005a 0B       		.uleb128 0xb
 274 005b 3B       		.uleb128 0x3b
 275 005c 0B       		.uleb128 0xb
 276 005d 00       		.byte	0
 277 005e 00       		.byte	0
 278 005f 00       		.byte	0
 279              		.section	.debug_aranges,"",%progbits
 280 0000 24000000 		.4byte	0x24
 281 0004 0200     		.2byte	0x2
 282 0006 00000000 		.4byte	.Ldebug_info0
 283 000a 04       		.byte	0x4
 284 000b 00       		.byte	0
 285 000c 0000     		.2byte	0
 286 000e 0000     		.2byte	0
 287 0010 00000000 		.4byte	.LFB1
 288 0014 08000000 		.4byte	.LFE1-.LFB1
 289 0018 00000000 		.4byte	.LFB2
 290 001c 08000000 		.4byte	.LFE2-.LFB2
 291 0020 00000000 		.4byte	0
 292 0024 00000000 		.4byte	0
 293              		.section	.debug_ranges,"",%progbits
ARM GAS  C:\Users\JamesN4\AppData\Local\Temp\ccn2Lm1u.s 			page 10


 294              	.Ldebug_ranges0:
 295 0000 00000000 		.4byte	.LFB1
 296 0004 08000000 		.4byte	.LFE1
 297 0008 00000000 		.4byte	.LFB2
 298 000c 08000000 		.4byte	.LFE2
 299 0010 00000000 		.4byte	0
 300 0014 00000000 		.4byte	0
 301              		.section	.debug_line,"",%progbits
 302              	.Ldebug_line0:
 303 0000 79000000 		.section	.debug_str,"MS",%progbits,1
 303      02004700 
 303      00000201 
 303      FB0E0D00 
 303      01010101 
 304              	.LASF6:
 305 0000 6C6F6E67 		.ascii	"long long int\000"
 305      206C6F6E 
 305      6720696E 
 305      7400
 306              	.LASF8:
 307 000e 756E7369 		.ascii	"unsigned int\000"
 307      676E6564 
 307      20696E74 
 307      00
 308              	.LASF17:
 309 001b 4932435F 		.ascii	"I2C_I2CRestoreConfig\000"
 309      49324352 
 309      6573746F 
 309      7265436F 
 309      6E666967 
 310              	.LASF15:
 311 0030 4932435F 		.ascii	"I2C_Wakeup\000"
 311      57616B65 
 311      757000
 312              	.LASF19:
 313 003b 47656E65 		.ascii	"Generated_Source\\PSoC4\\I2C_PM.c\000"
 313      72617465 
 313      645F536F 
 313      75726365 
 313      5C50536F 
 314              	.LASF5:
 315 005b 6C6F6E67 		.ascii	"long unsigned int\000"
 315      20756E73 
 315      69676E65 
 315      6420696E 
 315      7400
 316              	.LASF7:
 317 006d 6C6F6E67 		.ascii	"long long unsigned int\000"
 317      206C6F6E 
 317      6720756E 
 317      7369676E 
 317      65642069 
 318              	.LASF9:
 319 0084 666C6F61 		.ascii	"float\000"
 319      7400
 320              	.LASF1:
 321 008a 756E7369 		.ascii	"unsigned char\000"
ARM GAS  C:\Users\JamesN4\AppData\Local\Temp\ccn2Lm1u.s 			page 11


 321      676E6564 
 321      20636861 
 321      7200
 322              	.LASF16:
 323 0098 4932435F 		.ascii	"I2C_I2CSaveConfig\000"
 323      49324353 
 323      61766543 
 323      6F6E6669 
 323      6700
 324              	.LASF11:
 325 00aa 63686172 		.ascii	"char\000"
 325      00
 326              	.LASF4:
 327 00af 6C6F6E67 		.ascii	"long int\000"
 327      20696E74 
 327      00
 328              	.LASF10:
 329 00b8 646F7562 		.ascii	"double\000"
 329      6C6500
 330              	.LASF18:
 331 00bf 474E5520 		.ascii	"GNU C11 5.4.1 20160609 (release) [ARM/embedded-5-br"
 331      43313120 
 331      352E342E 
 331      31203230 
 331      31363036 
 332 00f2 616E6368 		.ascii	"anch revision 237715] -mcpu=cortex-m0 -mthumb -g -O"
 332      20726576 
 332      6973696F 
 332      6E203233 
 332      37373135 
 333 0125 67202D66 		.ascii	"g -ffunction-sections -ffat-lto-objects\000"
 333      66756E63 
 333      74696F6E 
 333      2D736563 
 333      74696F6E 
 334              	.LASF3:
 335 014d 73686F72 		.ascii	"short unsigned int\000"
 335      7420756E 
 335      7369676E 
 335      65642069 
 335      6E7400
 336              	.LASF0:
 337 0160 7369676E 		.ascii	"signed char\000"
 337      65642063 
 337      68617200 
 338              	.LASF20:
 339 016c 433A5C55 		.ascii	"C:\\Users\\JamesN4\\Documents\\PSoC Creator\\Hybrid"
 339      73657273 
 339      5C4A616D 
 339      65734E34 
 339      5C446F63 
 340 019a 456E636F 		.ascii	"EncoderCY8CKIT43\\HybridEncoder.cydsn\000"
 340      64657243 
 340      5938434B 
 340      49543433 
 340      5C487962 
 341              	.LASF12:
ARM GAS  C:\Users\JamesN4\AppData\Local\Temp\ccn2Lm1u.s 			page 12


 342 01bf 6C6F6E67 		.ascii	"long double\000"
 342      20646F75 
 342      626C6500 
 343              	.LASF2:
 344 01cb 73686F72 		.ascii	"short int\000"
 344      7420696E 
 344      7400
 345              	.LASF14:
 346 01d5 4932435F 		.ascii	"I2C_Sleep\000"
 346      536C6565 
 346      7000
 347              	.LASF13:
 348 01df 73697A65 		.ascii	"sizetype\000"
 348      74797065 
 348      00
 349              		.ident	"GCC: (GNU Tools for ARM Embedded Processors) 5.4.1 20160609 (release) [ARM/embedded-5-bran
